-- Found ament_cmake: 1.3.10 (/opt/ros/humble/share/ament_cmake/cmake)
-- Found rclcpp: 16.0.10 (/opt/ros/humble/share/rclcpp/cmake)
-- Found rosidl_generator_c: 3.1.5 (/opt/ros/humble/share/rosidl_generator_c/cmake)
-- Found rosidl_adapter: 3.1.5 (/opt/ros/humble/share/rosidl_adapter/cmake)
-- Found rosidl_generator_cpp: 3.1.5 (/opt/ros/humble/share/rosidl_generator_cpp/cmake)
-- Using all available rosidl_typesupport_c: rosidl_typesupport_fastrtps_c;rosidl_typesupport_introspection_c
-- Using all available rosidl_typesupport_cpp: rosidl_typesupport_fastrtps_cpp;rosidl_typesupport_introspection_cpp
-- Found rmw_implementation_cmake: 6.1.2 (/opt/ros/humble/share/rmw_implementation_cmake/cmake)
-- Found rmw_fastrtps_cpp: 6.2.7 (/opt/ros/humble/share/rmw_fastrtps_cpp/cmake)
-- Using RMW implementation 'rmw_fastrtps_cpp' as default
-- Found sensor_msgs: 4.2.4 (/opt/ros/humble/share/sensor_msgs/cmake)
-- Found cv_bridge: 3.2.1 (/opt/ros/humble/share/cv_bridge/cmake)
-- Found ament_lint_auto: 0.12.11 (/opt/ros/humble/share/ament_lint_auto/cmake)
-- Added test 'cppcheck' to perform static code analysis on C / C++ code
-- Configured cppcheck include dirs: 
-- Configured cppcheck exclude dirs and/or files: 
-- Added test 'lint_cmake' to check CMake code style
-- Added test 'uncrustify' to check C / C++ code style
-- Configured uncrustify additional arguments: 
-- Added test 'xmllint' to check XML markup files
-- Configuring done
-- Generating done
-- Build files have been written to: /home/zhizhi/exam2/build/image_sub_pub
[35m[1mConsolidate compiler generated dependencies of target image_sub_pub_node[0m
[ 50%] [32mBuilding CXX object CMakeFiles/image_sub_pub_node.dir/src/image_sub_pub.cpp.o[0m
[100%] [32m[1mLinking CXX executable image_sub_pub_node[0m
[100%] Built target image_sub_pub_node
-- Install configuration: ""
-- Installing: /home/zhizhi/exam2/install/image_sub_pub/lib/image_sub_pub/image_sub_pub_node
-- Set runtime path of "/home/zhizhi/exam2/install/image_sub_pub/lib/image_sub_pub/image_sub_pub_node" to ""
-- Up-to-date: /home/zhizhi/exam2/install/image_sub_pub/share/ament_index/resource_index/package_run_dependencies/image_sub_pub
-- Up-to-date: /home/zhizhi/exam2/install/image_sub_pub/share/ament_index/resource_index/parent_prefix_path/image_sub_pub
-- Installing: /home/zhizhi/exam2/install/image_sub_pub/share/image_sub_pub/environment/ament_prefix_path.sh
-- Installing: /home/zhizhi/exam2/install/image_sub_pub/share/image_sub_pub/environment/ament_prefix_path.dsv
-- Installing: /home/zhizhi/exam2/install/image_sub_pub/share/image_sub_pub/environment/path.sh
-- Installing: /home/zhizhi/exam2/install/image_sub_pub/share/image_sub_pub/environment/path.dsv
-- Up-to-date: /home/zhizhi/exam2/install/image_sub_pub/share/image_sub_pub/local_setup.bash
-- Up-to-date: /home/zhizhi/exam2/install/image_sub_pub/share/image_sub_pub/local_setup.sh
-- Up-to-date: /home/zhizhi/exam2/install/image_sub_pub/share/image_sub_pub/local_setup.zsh
-- Installing: /home/zhizhi/exam2/install/image_sub_pub/share/image_sub_pub/local_setup.dsv
-- Installing: /home/zhizhi/exam2/install/image_sub_pub/share/image_sub_pub/package.dsv
-- Up-to-date: /home/zhizhi/exam2/install/image_sub_pub/share/ament_index/resource_index/packages/image_sub_pub
-- Up-to-date: /home/zhizhi/exam2/install/image_sub_pub/share/image_sub_pub/cmake/image_sub_pubConfig.cmake
-- Up-to-date: /home/zhizhi/exam2/install/image_sub_pub/share/image_sub_pub/cmake/image_sub_pubConfig-version.cmake
-- Installing: /home/zhizhi/exam2/install/image_sub_pub/share/image_sub_pub/package.xml
