[0.008s] Invoking command in '/home/zhizhi/exam2/build/image_sub_pub': CMAKE_PREFIX_PATH=/opt/ros/humble /usr/bin/cmake --build /home/zhizhi/exam2/build/image_sub_pub -- -j20 -l20
[0.048s] -- Found ament_cmake: 1.3.10 (/opt/ros/humble/share/ament_cmake/cmake)
[0.132s] -- Found rclcpp: 16.0.10 (/opt/ros/humble/share/rclcpp/cmake)
[0.151s] -- Found rosidl_generator_c: 3.1.5 (/opt/ros/humble/share/rosidl_generator_c/cmake)
[0.153s] -- Found rosidl_adapter: 3.1.5 (/opt/ros/humble/share/rosidl_adapter/cmake)
[0.157s] -- Found rosidl_generator_cpp: 3.1.5 (/opt/ros/humble/share/rosidl_generator_cpp/cmake)
[0.163s] -- Using all available rosidl_typesupport_c: rosidl_typesupport_fastrtps_c;rosidl_typesupport_introspection_c
[0.170s] -- Using all available rosidl_typesupport_cpp: rosidl_typesupport_fastrtps_cpp;rosidl_typesupport_introspection_cpp
[0.191s] -- Found rmw_implementation_cmake: 6.1.2 (/opt/ros/humble/share/rmw_implementation_cmake/cmake)
[0.191s] -- Found rmw_fastrtps_cpp: 6.2.7 (/opt/ros/humble/share/rmw_fastrtps_cpp/cmake)
[0.263s] -- Using RMW implementation 'rmw_fastrtps_cpp' as default
[0.297s] -- Found sensor_msgs: 4.2.4 (/opt/ros/humble/share/sensor_msgs/cmake)
[0.316s] -- Found cv_bridge: 3.2.1 (/opt/ros/humble/share/cv_bridge/cmake)
[0.325s] -- Found ament_lint_auto: 0.12.11 (/opt/ros/humble/share/ament_lint_auto/cmake)
[0.372s] -- Added test 'cppcheck' to perform static code analysis on C / C++ code
[0.372s] -- Configured cppcheck include dirs: 
[0.372s] -- Configured cppcheck exclude dirs and/or files: 
[0.373s] -- Added test 'lint_cmake' to check CMake code style
[0.373s] -- Added test 'uncrustify' to check C / C++ code style
[0.373s] -- Configured uncrustify additional arguments: 
[0.373s] -- Added test 'xmllint' to check XML markup files
[0.374s] -- Configuring done
[0.384s] -- Generating done
[0.385s] -- Build files have been written to: /home/zhizhi/exam2/build/image_sub_pub
[0.408s] [35m[1mConsolidate compiler generated dependencies of target image_sub_pub_node[0m
[0.429s] [ 50%] [32mBuilding CXX object CMakeFiles/image_sub_pub_node.dir/src/image_sub_pub.cpp.o[0m
[6.878s] [100%] [32m[1mLinking CXX executable image_sub_pub_node[0m
[7.389s] [100%] Built target image_sub_pub_node
[7.398s] Invoked command in '/home/zhizhi/exam2/build/image_sub_pub' returned '0': CMAKE_PREFIX_PATH=/opt/ros/humble /usr/bin/cmake --build /home/zhizhi/exam2/build/image_sub_pub -- -j20 -l20
[7.419s] Invoking command in '/home/zhizhi/exam2/build/image_sub_pub': CMAKE_PREFIX_PATH=/opt/ros/humble /usr/bin/cmake --install /home/zhizhi/exam2/build/image_sub_pub
[7.425s] -- Install configuration: ""
[7.425s] -- Installing: /home/zhizhi/exam2/install/image_sub_pub/lib/image_sub_pub/image_sub_pub_node
[7.428s] -- Set runtime path of "/home/zhizhi/exam2/install/image_sub_pub/lib/image_sub_pub/image_sub_pub_node" to ""
[7.428s] -- Up-to-date: /home/zhizhi/exam2/install/image_sub_pub/share/ament_index/resource_index/package_run_dependencies/image_sub_pub
[7.429s] -- Up-to-date: /home/zhizhi/exam2/install/image_sub_pub/share/ament_index/resource_index/parent_prefix_path/image_sub_pub
[7.429s] -- Installing: /home/zhizhi/exam2/install/image_sub_pub/share/image_sub_pub/environment/ament_prefix_path.sh
[7.429s] -- Installing: /home/zhizhi/exam2/install/image_sub_pub/share/image_sub_pub/environment/ament_prefix_path.dsv
[7.429s] -- Installing: /home/zhizhi/exam2/install/image_sub_pub/share/image_sub_pub/environment/path.sh
[7.429s] -- Installing: /home/zhizhi/exam2/install/image_sub_pub/share/image_sub_pub/environment/path.dsv
[7.429s] -- Up-to-date: /home/zhizhi/exam2/install/image_sub_pub/share/image_sub_pub/local_setup.bash
[7.429s] -- Up-to-date: /home/zhizhi/exam2/install/image_sub_pub/share/image_sub_pub/local_setup.sh
[7.429s] -- Up-to-date: /home/zhizhi/exam2/install/image_sub_pub/share/image_sub_pub/local_setup.zsh
[7.429s] -- Installing: /home/zhizhi/exam2/install/image_sub_pub/share/image_sub_pub/local_setup.dsv
[7.429s] -- Installing: /home/zhizhi/exam2/install/image_sub_pub/share/image_sub_pub/package.dsv
[7.429s] -- Up-to-date: /home/zhizhi/exam2/install/image_sub_pub/share/ament_index/resource_index/packages/image_sub_pub
[7.429s] -- Up-to-date: /home/zhizhi/exam2/install/image_sub_pub/share/image_sub_pub/cmake/image_sub_pubConfig.cmake
[7.429s] -- Up-to-date: /home/zhizhi/exam2/install/image_sub_pub/share/image_sub_pub/cmake/image_sub_pubConfig-version.cmake
[7.430s] -- Installing: /home/zhizhi/exam2/install/image_sub_pub/share/image_sub_pub/package.xml
[7.431s] Invoked command in '/home/zhizhi/exam2/build/image_sub_pub' returned '0': CMAKE_PREFIX_PATH=/opt/ros/humble /usr/bin/cmake --install /home/zhizhi/exam2/build/image_sub_pub
