-- Found ament_cmake: 1.3.10 (/opt/ros/humble/share/ament_cmake/cmake)
-- Found rclcpp: 16.0.10 (/opt/ros/humble/share/rclcpp/cmake)
-- Found rosidl_generator_c: 3.1.5 (/opt/ros/humble/share/rosidl_generator_c/cmake)
-- Found rosidl_adapter: 3.1.5 (/opt/ros/humble/share/rosidl_adapter/cmake)
-- Found rosidl_generator_cpp: 3.1.5 (/opt/ros/humble/share/rosidl_generator_cpp/cmake)
-- Using all available rosidl_typesupport_c: rosidl_typesupport_fastrtps_c;rosidl_typesupport_introspection_c
-- Using all available rosidl_typesupport_cpp: rosidl_typesupport_fastrtps_cpp;rosidl_typesupport_introspection_cpp
-- Found rmw_implementation_cmake: 6.1.2 (/opt/ros/humble/share/rmw_implementation_cmake/cmake)
-- Found rmw_fastrtps_cpp: 6.2.7 (/opt/ros/humble/share/rmw_fastrtps_cpp/cmake)
-- Using RMW implementation 'rmw_fastrtps_cpp' as default
-- Found geometry_msgs: 4.2.4 (/opt/ros/humble/share/geometry_msgs/cmake)
-- Found tf2: 0.25.8 (/opt/ros/humble/share/tf2/cmake)
-- Found tf2_ros: 0.25.8 (/opt/ros/humble/share/tf2_ros/cmake)
-- Found tf2_geometry_msgs: 0.25.8 (/opt/ros/humble/share/tf2_geometry_msgs/cmake)
-- Found eigen3_cmake_module: 0.1.1 (/opt/ros/humble/share/eigen3_cmake_module/cmake)
-- Ensuring Eigen3 include directory is part of orocos-kdl CMake target
-- Found visualization_msgs: 4.2.4 (/opt/ros/humble/share/visualization_msgs/cmake)
-- Found ament_lint_auto: 0.12.11 (/opt/ros/humble/share/ament_lint_auto/cmake)
-- Added test 'cppcheck' to perform static code analysis on C / C++ code
-- Configured cppcheck include dirs: 
-- Configured cppcheck exclude dirs and/or files: 
-- Added test 'lint_cmake' to check CMake code style
-- Added test 'uncrustify' to check C / C++ code style
-- Configured uncrustify additional arguments: 
-- Added test 'xmllint' to check XML markup files
-- Configuring done
-- Generating done
-- Build files have been written to: /home/zhizhi/exam2/build/coordinate_transformer
[35m[1mConsolidate compiler generated dependencies of target coordinate_transformer[0m
[ 50%] [32mBuilding CXX object CMakeFiles/coordinate_transformer.dir/src/coordinate_transformer.cpp.o[0m
[100%] [32m[1mLinking CXX executable coordinate_transformer[0m
[100%] Built target coordinate_transformer
-- Install configuration: ""
-- Installing: /home/zhizhi/exam2/install/coordinate_transformer/lib/coordinate_transformer/coordinate_transformer
-- Set runtime path of "/home/zhizhi/exam2/install/coordinate_transformer/lib/coordinate_transformer/coordinate_transformer" to ""
-- Up-to-date: /home/zhizhi/exam2/install/coordinate_transformer/share/ament_index/resource_index/package_run_dependencies/coordinate_transformer
-- Up-to-date: /home/zhizhi/exam2/install/coordinate_transformer/share/ament_index/resource_index/parent_prefix_path/coordinate_transformer
-- Installing: /home/zhizhi/exam2/install/coordinate_transformer/share/coordinate_transformer/environment/ament_prefix_path.sh
-- Installing: /home/zhizhi/exam2/install/coordinate_transformer/share/coordinate_transformer/environment/ament_prefix_path.dsv
-- Installing: /home/zhizhi/exam2/install/coordinate_transformer/share/coordinate_transformer/environment/path.sh
-- Installing: /home/zhizhi/exam2/install/coordinate_transformer/share/coordinate_transformer/environment/path.dsv
-- Up-to-date: /home/zhizhi/exam2/install/coordinate_transformer/share/coordinate_transformer/local_setup.bash
-- Up-to-date: /home/zhizhi/exam2/install/coordinate_transformer/share/coordinate_transformer/local_setup.sh
-- Up-to-date: /home/zhizhi/exam2/install/coordinate_transformer/share/coordinate_transformer/local_setup.zsh
-- Installing: /home/zhizhi/exam2/install/coordinate_transformer/share/coordinate_transformer/local_setup.dsv
-- Installing: /home/zhizhi/exam2/install/coordinate_transformer/share/coordinate_transformer/package.dsv
-- Up-to-date: /home/zhizhi/exam2/install/coordinate_transformer/share/ament_index/resource_index/packages/coordinate_transformer
-- Up-to-date: /home/zhizhi/exam2/install/coordinate_transformer/share/coordinate_transformer/cmake/coordinate_transformerConfig.cmake
-- Up-to-date: /home/zhizhi/exam2/install/coordinate_transformer/share/coordinate_transformer/cmake/coordinate_transformerConfig-version.cmake
-- Installing: /home/zhizhi/exam2/install/coordinate_transformer/share/coordinate_transformer/package.xml
