[0.008s] Invoking command in '/home/zhizhi/exam2/build/coordinate_transformer': CMAKE_PREFIX_PATH=/opt/ros/humble /usr/bin/cmake --build /home/zhizhi/exam2/build/coordinate_transformer -- -j20 -l20
[0.052s] -- Found ament_cmake: 1.3.10 (/opt/ros/humble/share/ament_cmake/cmake)
[0.136s] -- Found rclcpp: 16.0.10 (/opt/ros/humble/share/rclcpp/cmake)
[0.155s] -- Found rosidl_generator_c: 3.1.5 (/opt/ros/humble/share/rosidl_generator_c/cmake)
[0.156s] -- Found rosidl_adapter: 3.1.5 (/opt/ros/humble/share/rosidl_adapter/cmake)
[0.160s] -- Found rosidl_generator_cpp: 3.1.5 (/opt/ros/humble/share/rosidl_generator_cpp/cmake)
[0.166s] -- Using all available rosidl_typesupport_c: rosidl_typesupport_fastrtps_c;rosidl_typesupport_introspection_c
[0.174s] -- Using all available rosidl_typesupport_cpp: rosidl_typesupport_fastrtps_cpp;rosidl_typesupport_introspection_cpp
[0.194s] -- Found rmw_implementation_cmake: 6.1.2 (/opt/ros/humble/share/rmw_implementation_cmake/cmake)
[0.195s] -- Found rmw_fastrtps_cpp: 6.2.7 (/opt/ros/humble/share/rmw_fastrtps_cpp/cmake)
[0.261s] -- Using RMW implementation 'rmw_fastrtps_cpp' as default
[0.301s] -- Found geometry_msgs: 4.2.4 (/opt/ros/humble/share/geometry_msgs/cmake)
[0.309s] -- Found tf2: 0.25.8 (/opt/ros/humble/share/tf2/cmake)
[0.312s] -- Found tf2_ros: 0.25.8 (/opt/ros/humble/share/tf2_ros/cmake)
[0.363s] -- Found tf2_geometry_msgs: 0.25.8 (/opt/ros/humble/share/tf2_geometry_msgs/cmake)
[0.365s] -- Found eigen3_cmake_module: 0.1.1 (/opt/ros/humble/share/eigen3_cmake_module/cmake)
[0.366s] -- Ensuring Eigen3 include directory is part of orocos-kdl CMake target
[0.367s] -- Found visualization_msgs: 4.2.4 (/opt/ros/humble/share/visualization_msgs/cmake)
[0.388s] -- Found ament_lint_auto: 0.12.11 (/opt/ros/humble/share/ament_lint_auto/cmake)
[0.432s] -- Added test 'cppcheck' to perform static code analysis on C / C++ code
[0.432s] -- Configured cppcheck include dirs: 
[0.432s] -- Configured cppcheck exclude dirs and/or files: 
[0.432s] -- Added test 'lint_cmake' to check CMake code style
[0.432s] -- Added test 'uncrustify' to check C / C++ code style
[0.432s] -- Configured uncrustify additional arguments: 
[0.433s] -- Added test 'xmllint' to check XML markup files
[0.433s] -- Configuring done
[0.441s] -- Generating done
[0.442s] -- Build files have been written to: /home/zhizhi/exam2/build/coordinate_transformer
[0.460s] [35m[1mConsolidate compiler generated dependencies of target coordinate_transformer[0m
[0.473s] [ 50%] [32mBuilding CXX object CMakeFiles/coordinate_transformer.dir/src/coordinate_transformer.cpp.o[0m
[5.329s] [100%] [32m[1mLinking CXX executable coordinate_transformer[0m
[5.604s] [100%] Built target coordinate_transformer
[5.611s] Invoked command in '/home/zhizhi/exam2/build/coordinate_transformer' returned '0': CMAKE_PREFIX_PATH=/opt/ros/humble /usr/bin/cmake --build /home/zhizhi/exam2/build/coordinate_transformer -- -j20 -l20
[5.634s] Invoking command in '/home/zhizhi/exam2/build/coordinate_transformer': CMAKE_PREFIX_PATH=/opt/ros/humble /usr/bin/cmake --install /home/zhizhi/exam2/build/coordinate_transformer
[5.639s] -- Install configuration: ""
[5.640s] -- Installing: /home/zhizhi/exam2/install/coordinate_transformer/lib/coordinate_transformer/coordinate_transformer
[5.642s] -- Set runtime path of "/home/zhizhi/exam2/install/coordinate_transformer/lib/coordinate_transformer/coordinate_transformer" to ""
[5.642s] -- Up-to-date: /home/zhizhi/exam2/install/coordinate_transformer/share/ament_index/resource_index/package_run_dependencies/coordinate_transformer
[5.642s] -- Up-to-date: /home/zhizhi/exam2/install/coordinate_transformer/share/ament_index/resource_index/parent_prefix_path/coordinate_transformer
[5.642s] -- Installing: /home/zhizhi/exam2/install/coordinate_transformer/share/coordinate_transformer/environment/ament_prefix_path.sh
[5.642s] -- Installing: /home/zhizhi/exam2/install/coordinate_transformer/share/coordinate_transformer/environment/ament_prefix_path.dsv
[5.642s] -- Installing: /home/zhizhi/exam2/install/coordinate_transformer/share/coordinate_transformer/environment/path.sh
[5.642s] -- Installing: /home/zhizhi/exam2/install/coordinate_transformer/share/coordinate_transformer/environment/path.dsv
[5.642s] -- Up-to-date: /home/zhizhi/exam2/install/coordinate_transformer/share/coordinate_transformer/local_setup.bash
[5.642s] -- Up-to-date: /home/zhizhi/exam2/install/coordinate_transformer/share/coordinate_transformer/local_setup.sh
[5.642s] -- Up-to-date: /home/zhizhi/exam2/install/coordinate_transformer/share/coordinate_transformer/local_setup.zsh
[5.642s] -- Installing: /home/zhizhi/exam2/install/coordinate_transformer/share/coordinate_transformer/local_setup.dsv
[5.642s] -- Installing: /home/zhizhi/exam2/install/coordinate_transformer/share/coordinate_transformer/package.dsv
[5.642s] -- Up-to-date: /home/zhizhi/exam2/install/coordinate_transformer/share/ament_index/resource_index/packages/coordinate_transformer
[5.642s] -- Up-to-date: /home/zhizhi/exam2/install/coordinate_transformer/share/coordinate_transformer/cmake/coordinate_transformerConfig.cmake
[5.642s] -- Up-to-date: /home/zhizhi/exam2/install/coordinate_transformer/share/coordinate_transformer/cmake/coordinate_transformerConfig-version.cmake
[5.642s] -- Installing: /home/zhizhi/exam2/install/coordinate_transformer/share/coordinate_transformer/package.xml
[5.644s] Invoked command in '/home/zhizhi/exam2/build/coordinate_transformer' returned '0': CMAKE_PREFIX_PATH=/opt/ros/humble /usr/bin/cmake --install /home/zhizhi/exam2/build/coordinate_transformer
