[0.120s] DEBUG:colcon:Command line arguments: ['/usr/bin/colcon', 'build', '--packages-select', 'image_sub_pub', 'coordinate_transformer']
[0.120s] DEBUG:colcon:Parsed command line arguments: Namespace(log_base=None, log_level=None, verb_name='build', build_base='build', install_base='install', merge_install=False, symlink_install=False, test_result_base=None, continue_on_error=False, executor='parallel', parallel_workers=20, event_handlers=None, ignore_user_meta=False, metas=['./colcon.meta'], base_paths=['.'], packages_ignore=None, packages_ignore_regex=None, paths=None, packages_up_to=None, packages_up_to_regex=None, packages_above=None, packages_above_and_dependencies=None, packages_above_depth=None, packages_select_by_dep=None, packages_skip_by_dep=None, packages_skip_up_to=None, packages_select_build_failed=False, packages_skip_build_finished=False, packages_select_test_failures=False, packages_skip_test_passed=False, packages_select=['image_sub_pub', 'coordinate_transformer'], packages_skip=None, packages_select_regex=None, packages_skip_regex=None, packages_start=None, packages_end=None, allow_overriding=[], cmake_args=None, cmake_target=None, cmake_target_skip_unavailable=False, cmake_clean_cache=False, cmake_clean_first=False, cmake_force_configure=False, ament_cmake_args=None, catkin_cmake_args=None, catkin_skip_building_tests=False, verb_parser=<colcon_defaults.argument_parser.defaults.DefaultArgumentsDecorator object at 0x75f4cc440880>, verb_extension=<colcon_core.verb.build.BuildVerb object at 0x75f4cc4403a0>, main=<bound method BuildVerb.main of <colcon_core.verb.build.BuildVerb object at 0x75f4cc4403a0>>)
[0.226s] Level 1:colcon.colcon_core.package_discovery:discover_packages(colcon_meta) check parameters
[0.226s] Level 1:colcon.colcon_core.package_discovery:discover_packages(recursive) check parameters
[0.226s] Level 1:colcon.colcon_core.package_discovery:discover_packages(ignore) check parameters
[0.226s] Level 1:colcon.colcon_core.package_discovery:discover_packages(path) check parameters
[0.226s] Level 1:colcon.colcon_core.package_discovery:discover_packages(colcon_meta) discover
[0.226s] Level 1:colcon.colcon_core.package_discovery:discover_packages(recursive) discover
[0.226s] INFO:colcon.colcon_core.package_discovery:Crawling recursively for packages in '/home/zhizhi/exam2'
[0.226s] Level 1:colcon.colcon_core.package_identification:_identify(.) by extensions ['ignore', 'ignore_ament_install']
[0.226s] Level 1:colcon.colcon_core.package_identification:_identify(.) by extension 'ignore'
[0.226s] Level 1:colcon.colcon_core.package_identification:_identify(.) by extension 'ignore_ament_install'
[0.226s] Level 1:colcon.colcon_core.package_identification:_identify(.) by extensions ['colcon_pkg']
[0.226s] Level 1:colcon.colcon_core.package_identification:_identify(.) by extension 'colcon_pkg'
[0.226s] Level 1:colcon.colcon_core.package_identification:_identify(.) by extensions ['colcon_meta']
[0.226s] Level 1:colcon.colcon_core.package_identification:_identify(.) by extension 'colcon_meta'
[0.226s] Level 1:colcon.colcon_core.package_identification:_identify(.) by extensions ['ros']
[0.226s] Level 1:colcon.colcon_core.package_identification:_identify(.) by extension 'ros'
[0.234s] Level 1:colcon.colcon_core.package_identification:_identify(.) by extensions ['cmake', 'python']
[0.234s] Level 1:colcon.colcon_core.package_identification:_identify(.) by extension 'cmake'
[0.234s] Level 1:colcon.colcon_core.package_identification:_identify(.) by extension 'python'
[0.234s] Level 1:colcon.colcon_core.package_identification:_identify(.) by extensions ['python_setup_py']
[0.234s] Level 1:colcon.colcon_core.package_identification:_identify(.) by extension 'python_setup_py'
[0.234s] Level 1:colcon.colcon_core.package_identification:_identify(build) by extensions ['ignore', 'ignore_ament_install']
[0.234s] Level 1:colcon.colcon_core.package_identification:_identify(build) by extension 'ignore'
[0.234s] Level 1:colcon.colcon_core.package_identification:_identify(build) ignored
[0.234s] Level 1:colcon.colcon_core.package_identification:_identify(install) by extensions ['ignore', 'ignore_ament_install']
[0.234s] Level 1:colcon.colcon_core.package_identification:_identify(install) by extension 'ignore'
[0.234s] Level 1:colcon.colcon_core.package_identification:_identify(install) ignored
[0.234s] Level 1:colcon.colcon_core.package_identification:_identify(log) by extensions ['ignore', 'ignore_ament_install']
[0.234s] Level 1:colcon.colcon_core.package_identification:_identify(log) by extension 'ignore'
[0.234s] Level 1:colcon.colcon_core.package_identification:_identify(log) ignored
[0.234s] Level 1:colcon.colcon_core.package_identification:_identify(src) by extensions ['ignore', 'ignore_ament_install']
[0.234s] Level 1:colcon.colcon_core.package_identification:_identify(src) by extension 'ignore'
[0.234s] Level 1:colcon.colcon_core.package_identification:_identify(src) by extension 'ignore_ament_install'
[0.234s] Level 1:colcon.colcon_core.package_identification:_identify(src) by extensions ['colcon_pkg']
[0.234s] Level 1:colcon.colcon_core.package_identification:_identify(src) by extension 'colcon_pkg'
[0.234s] Level 1:colcon.colcon_core.package_identification:_identify(src) by extensions ['colcon_meta']
[0.234s] Level 1:colcon.colcon_core.package_identification:_identify(src) by extension 'colcon_meta'
[0.234s] Level 1:colcon.colcon_core.package_identification:_identify(src) by extensions ['ros']
[0.234s] Level 1:colcon.colcon_core.package_identification:_identify(src) by extension 'ros'
[0.235s] Level 1:colcon.colcon_core.package_identification:_identify(src) by extensions ['cmake', 'python']
[0.235s] Level 1:colcon.colcon_core.package_identification:_identify(src) by extension 'cmake'
[0.235s] Level 1:colcon.colcon_core.package_identification:_identify(src) by extension 'python'
[0.235s] Level 1:colcon.colcon_core.package_identification:_identify(src) by extensions ['python_setup_py']
[0.235s] Level 1:colcon.colcon_core.package_identification:_identify(src) by extension 'python_setup_py'
[0.235s] Level 1:colcon.colcon_core.package_identification:_identify(src/RMSimulator) by extensions ['ignore', 'ignore_ament_install']
[0.235s] Level 1:colcon.colcon_core.package_identification:_identify(src/RMSimulator) by extension 'ignore'
[0.235s] Level 1:colcon.colcon_core.package_identification:_identify(src/RMSimulator) by extension 'ignore_ament_install'
[0.235s] Level 1:colcon.colcon_core.package_identification:_identify(src/RMSimulator) by extensions ['colcon_pkg']
[0.235s] Level 1:colcon.colcon_core.package_identification:_identify(src/RMSimulator) by extension 'colcon_pkg'
[0.235s] Level 1:colcon.colcon_core.package_identification:_identify(src/RMSimulator) by extensions ['colcon_meta']
[0.235s] Level 1:colcon.colcon_core.package_identification:_identify(src/RMSimulator) by extension 'colcon_meta'
[0.235s] Level 1:colcon.colcon_core.package_identification:_identify(src/RMSimulator) by extensions ['ros']
[0.235s] Level 1:colcon.colcon_core.package_identification:_identify(src/RMSimulator) by extension 'ros'
[0.235s] Level 1:colcon.colcon_core.package_identification:_identify(src/RMSimulator) by extensions ['cmake', 'python']
[0.235s] Level 1:colcon.colcon_core.package_identification:_identify(src/RMSimulator) by extension 'cmake'
[0.235s] Level 1:colcon.colcon_core.package_identification:_identify(src/RMSimulator) by extension 'python'
[0.235s] Level 1:colcon.colcon_core.package_identification:_identify(src/RMSimulator) by extensions ['python_setup_py']
[0.235s] Level 1:colcon.colcon_core.package_identification:_identify(src/RMSimulator) by extension 'python_setup_py'
[0.235s] Level 1:colcon.colcon_core.package_identification:_identify(src/RMSimulator/RMSimulator_Data) by extensions ['ignore', 'ignore_ament_install']
[0.235s] Level 1:colcon.colcon_core.package_identification:_identify(src/RMSimulator/RMSimulator_Data) by extension 'ignore'
[0.235s] Level 1:colcon.colcon_core.package_identification:_identify(src/RMSimulator/RMSimulator_Data) by extension 'ignore_ament_install'
[0.235s] Level 1:colcon.colcon_core.package_identification:_identify(src/RMSimulator/RMSimulator_Data) by extensions ['colcon_pkg']
[0.235s] Level 1:colcon.colcon_core.package_identification:_identify(src/RMSimulator/RMSimulator_Data) by extension 'colcon_pkg'
[0.235s] Level 1:colcon.colcon_core.package_identification:_identify(src/RMSimulator/RMSimulator_Data) by extensions ['colcon_meta']
[0.235s] Level 1:colcon.colcon_core.package_identification:_identify(src/RMSimulator/RMSimulator_Data) by extension 'colcon_meta'
[0.235s] Level 1:colcon.colcon_core.package_identification:_identify(src/RMSimulator/RMSimulator_Data) by extensions ['ros']
[0.235s] Level 1:colcon.colcon_core.package_identification:_identify(src/RMSimulator/RMSimulator_Data) by extension 'ros'
[0.235s] Level 1:colcon.colcon_core.package_identification:_identify(src/RMSimulator/RMSimulator_Data) by extensions ['cmake', 'python']
[0.235s] Level 1:colcon.colcon_core.package_identification:_identify(src/RMSimulator/RMSimulator_Data) by extension 'cmake'
[0.235s] Level 1:colcon.colcon_core.package_identification:_identify(src/RMSimulator/RMSimulator_Data) by extension 'python'
[0.235s] Level 1:colcon.colcon_core.package_identification:_identify(src/RMSimulator/RMSimulator_Data) by extensions ['python_setup_py']
[0.235s] Level 1:colcon.colcon_core.package_identification:_identify(src/RMSimulator/RMSimulator_Data) by extension 'python_setup_py'
[0.235s] Level 1:colcon.colcon_core.package_identification:_identify(src/RMSimulator/RMSimulator_Data/Managed) by extensions ['ignore', 'ignore_ament_install']
[0.236s] Level 1:colcon.colcon_core.package_identification:_identify(src/RMSimulator/RMSimulator_Data/Managed) by extension 'ignore'
[0.236s] Level 1:colcon.colcon_core.package_identification:_identify(src/RMSimulator/RMSimulator_Data/Managed) by extension 'ignore_ament_install'
[0.236s] Level 1:colcon.colcon_core.package_identification:_identify(src/RMSimulator/RMSimulator_Data/Managed) by extensions ['colcon_pkg']
[0.236s] Level 1:colcon.colcon_core.package_identification:_identify(src/RMSimulator/RMSimulator_Data/Managed) by extension 'colcon_pkg'
[0.236s] Level 1:colcon.colcon_core.package_identification:_identify(src/RMSimulator/RMSimulator_Data/Managed) by extensions ['colcon_meta']
[0.236s] Level 1:colcon.colcon_core.package_identification:_identify(src/RMSimulator/RMSimulator_Data/Managed) by extension 'colcon_meta'
[0.236s] Level 1:colcon.colcon_core.package_identification:_identify(src/RMSimulator/RMSimulator_Data/Managed) by extensions ['ros']
[0.236s] Level 1:colcon.colcon_core.package_identification:_identify(src/RMSimulator/RMSimulator_Data/Managed) by extension 'ros'
[0.236s] Level 1:colcon.colcon_core.package_identification:_identify(src/RMSimulator/RMSimulator_Data/Managed) by extensions ['cmake', 'python']
[0.236s] Level 1:colcon.colcon_core.package_identification:_identify(src/RMSimulator/RMSimulator_Data/Managed) by extension 'cmake'
[0.236s] Level 1:colcon.colcon_core.package_identification:_identify(src/RMSimulator/RMSimulator_Data/Managed) by extension 'python'
[0.236s] Level 1:colcon.colcon_core.package_identification:_identify(src/RMSimulator/RMSimulator_Data/Managed) by extensions ['python_setup_py']
[0.236s] Level 1:colcon.colcon_core.package_identification:_identify(src/RMSimulator/RMSimulator_Data/Managed) by extension 'python_setup_py'
[0.236s] Level 1:colcon.colcon_core.package_identification:_identify(src/RMSimulator/RMSimulator_Data/MonoBleedingEdge) by extensions ['ignore', 'ignore_ament_install']
[0.236s] Level 1:colcon.colcon_core.package_identification:_identify(src/RMSimulator/RMSimulator_Data/MonoBleedingEdge) by extension 'ignore'
[0.236s] Level 1:colcon.colcon_core.package_identification:_identify(src/RMSimulator/RMSimulator_Data/MonoBleedingEdge) by extension 'ignore_ament_install'
[0.236s] Level 1:colcon.colcon_core.package_identification:_identify(src/RMSimulator/RMSimulator_Data/MonoBleedingEdge) by extensions ['colcon_pkg']
[0.236s] Level 1:colcon.colcon_core.package_identification:_identify(src/RMSimulator/RMSimulator_Data/MonoBleedingEdge) by extension 'colcon_pkg'
[0.236s] Level 1:colcon.colcon_core.package_identification:_identify(src/RMSimulator/RMSimulator_Data/MonoBleedingEdge) by extensions ['colcon_meta']
[0.236s] Level 1:colcon.colcon_core.package_identification:_identify(src/RMSimulator/RMSimulator_Data/MonoBleedingEdge) by extension 'colcon_meta'
[0.236s] Level 1:colcon.colcon_core.package_identification:_identify(src/RMSimulator/RMSimulator_Data/MonoBleedingEdge) by extensions ['ros']
[0.236s] Level 1:colcon.colcon_core.package_identification:_identify(src/RMSimulator/RMSimulator_Data/MonoBleedingEdge) by extension 'ros'
[0.236s] Level 1:colcon.colcon_core.package_identification:_identify(src/RMSimulator/RMSimulator_Data/MonoBleedingEdge) by extensions ['cmake', 'python']
[0.236s] Level 1:colcon.colcon_core.package_identification:_identify(src/RMSimulator/RMSimulator_Data/MonoBleedingEdge) by extension 'cmake'
[0.236s] Level 1:colcon.colcon_core.package_identification:_identify(src/RMSimulator/RMSimulator_Data/MonoBleedingEdge) by extension 'python'
[0.236s] Level 1:colcon.colcon_core.package_identification:_identify(src/RMSimulator/RMSimulator_Data/MonoBleedingEdge) by extensions ['python_setup_py']
[0.236s] Level 1:colcon.colcon_core.package_identification:_identify(src/RMSimulator/RMSimulator_Data/MonoBleedingEdge) by extension 'python_setup_py'
[0.236s] Level 1:colcon.colcon_core.package_identification:_identify(src/RMSimulator/RMSimulator_Data/MonoBleedingEdge/etc) by extensions ['ignore', 'ignore_ament_install']
[0.236s] Level 1:colcon.colcon_core.package_identification:_identify(src/RMSimulator/RMSimulator_Data/MonoBleedingEdge/etc) by extension 'ignore'
[0.236s] Level 1:colcon.colcon_core.package_identification:_identify(src/RMSimulator/RMSimulator_Data/MonoBleedingEdge/etc) by extension 'ignore_ament_install'
[0.236s] Level 1:colcon.colcon_core.package_identification:_identify(src/RMSimulator/RMSimulator_Data/MonoBleedingEdge/etc) by extensions ['colcon_pkg']
[0.236s] Level 1:colcon.colcon_core.package_identification:_identify(src/RMSimulator/RMSimulator_Data/MonoBleedingEdge/etc) by extension 'colcon_pkg'
[0.236s] Level 1:colcon.colcon_core.package_identification:_identify(src/RMSimulator/RMSimulator_Data/MonoBleedingEdge/etc) by extensions ['colcon_meta']
[0.236s] Level 1:colcon.colcon_core.package_identification:_identify(src/RMSimulator/RMSimulator_Data/MonoBleedingEdge/etc) by extension 'colcon_meta'
[0.236s] Level 1:colcon.colcon_core.package_identification:_identify(src/RMSimulator/RMSimulator_Data/MonoBleedingEdge/etc) by extensions ['ros']
[0.236s] Level 1:colcon.colcon_core.package_identification:_identify(src/RMSimulator/RMSimulator_Data/MonoBleedingEdge/etc) by extension 'ros'
[0.236s] Level 1:colcon.colcon_core.package_identification:_identify(src/RMSimulator/RMSimulator_Data/MonoBleedingEdge/etc) by extensions ['cmake', 'python']
[0.236s] Level 1:colcon.colcon_core.package_identification:_identify(src/RMSimulator/RMSimulator_Data/MonoBleedingEdge/etc) by extension 'cmake'
[0.236s] Level 1:colcon.colcon_core.package_identification:_identify(src/RMSimulator/RMSimulator_Data/MonoBleedingEdge/etc) by extension 'python'
[0.236s] Level 1:colcon.colcon_core.package_identification:_identify(src/RMSimulator/RMSimulator_Data/MonoBleedingEdge/etc) by extensions ['python_setup_py']
[0.236s] Level 1:colcon.colcon_core.package_identification:_identify(src/RMSimulator/RMSimulator_Data/MonoBleedingEdge/etc) by extension 'python_setup_py'
[0.237s] Level 1:colcon.colcon_core.package_identification:_identify(src/RMSimulator/RMSimulator_Data/MonoBleedingEdge/etc/mono) by extensions ['ignore', 'ignore_ament_install']
[0.237s] Level 1:colcon.colcon_core.package_identification:_identify(src/RMSimulator/RMSimulator_Data/MonoBleedingEdge/etc/mono) by extension 'ignore'
[0.237s] Level 1:colcon.colcon_core.package_identification:_identify(src/RMSimulator/RMSimulator_Data/MonoBleedingEdge/etc/mono) by extension 'ignore_ament_install'
[0.237s] Level 1:colcon.colcon_core.package_identification:_identify(src/RMSimulator/RMSimulator_Data/MonoBleedingEdge/etc/mono) by extensions ['colcon_pkg']
[0.237s] Level 1:colcon.colcon_core.package_identification:_identify(src/RMSimulator/RMSimulator_Data/MonoBleedingEdge/etc/mono) by extension 'colcon_pkg'
[0.237s] Level 1:colcon.colcon_core.package_identification:_identify(src/RMSimulator/RMSimulator_Data/MonoBleedingEdge/etc/mono) by extensions ['colcon_meta']
[0.237s] Level 1:colcon.colcon_core.package_identification:_identify(src/RMSimulator/RMSimulator_Data/MonoBleedingEdge/etc/mono) by extension 'colcon_meta'
[0.237s] Level 1:colcon.colcon_core.package_identification:_identify(src/RMSimulator/RMSimulator_Data/MonoBleedingEdge/etc/mono) by extensions ['ros']
[0.237s] Level 1:colcon.colcon_core.package_identification:_identify(src/RMSimulator/RMSimulator_Data/MonoBleedingEdge/etc/mono) by extension 'ros'
[0.237s] Level 1:colcon.colcon_core.package_identification:_identify(src/RMSimulator/RMSimulator_Data/MonoBleedingEdge/etc/mono) by extensions ['cmake', 'python']
[0.237s] Level 1:colcon.colcon_core.package_identification:_identify(src/RMSimulator/RMSimulator_Data/MonoBleedingEdge/etc/mono) by extension 'cmake'
[0.237s] Level 1:colcon.colcon_core.package_identification:_identify(src/RMSimulator/RMSimulator_Data/MonoBleedingEdge/etc/mono) by extension 'python'
[0.237s] Level 1:colcon.colcon_core.package_identification:_identify(src/RMSimulator/RMSimulator_Data/MonoBleedingEdge/etc/mono) by extensions ['python_setup_py']
[0.237s] Level 1:colcon.colcon_core.package_identification:_identify(src/RMSimulator/RMSimulator_Data/MonoBleedingEdge/etc/mono) by extension 'python_setup_py'
[0.237s] Level 1:colcon.colcon_core.package_identification:_identify(src/RMSimulator/RMSimulator_Data/MonoBleedingEdge/etc/mono/2.0) by extensions ['ignore', 'ignore_ament_install']
[0.237s] Level 1:colcon.colcon_core.package_identification:_identify(src/RMSimulator/RMSimulator_Data/MonoBleedingEdge/etc/mono/2.0) by extension 'ignore'
[0.237s] Level 1:colcon.colcon_core.package_identification:_identify(src/RMSimulator/RMSimulator_Data/MonoBleedingEdge/etc/mono/2.0) by extension 'ignore_ament_install'
[0.237s] Level 1:colcon.colcon_core.package_identification:_identify(src/RMSimulator/RMSimulator_Data/MonoBleedingEdge/etc/mono/2.0) by extensions ['colcon_pkg']
[0.237s] Level 1:colcon.colcon_core.package_identification:_identify(src/RMSimulator/RMSimulator_Data/MonoBleedingEdge/etc/mono/2.0) by extension 'colcon_pkg'
[0.237s] Level 1:colcon.colcon_core.package_identification:_identify(src/RMSimulator/RMSimulator_Data/MonoBleedingEdge/etc/mono/2.0) by extensions ['colcon_meta']
[0.237s] Level 1:colcon.colcon_core.package_identification:_identify(src/RMSimulator/RMSimulator_Data/MonoBleedingEdge/etc/mono/2.0) by extension 'colcon_meta'
[0.237s] Level 1:colcon.colcon_core.package_identification:_identify(src/RMSimulator/RMSimulator_Data/MonoBleedingEdge/etc/mono/2.0) by extensions ['ros']
[0.237s] Level 1:colcon.colcon_core.package_identification:_identify(src/RMSimulator/RMSimulator_Data/MonoBleedingEdge/etc/mono/2.0) by extension 'ros'
[0.237s] Level 1:colcon.colcon_core.package_identification:_identify(src/RMSimulator/RMSimulator_Data/MonoBleedingEdge/etc/mono/2.0) by extensions ['cmake', 'python']
[0.237s] Level 1:colcon.colcon_core.package_identification:_identify(src/RMSimulator/RMSimulator_Data/MonoBleedingEdge/etc/mono/2.0) by extension 'cmake'
[0.237s] Level 1:colcon.colcon_core.package_identification:_identify(src/RMSimulator/RMSimulator_Data/MonoBleedingEdge/etc/mono/2.0) by extension 'python'
[0.237s] Level 1:colcon.colcon_core.package_identification:_identify(src/RMSimulator/RMSimulator_Data/MonoBleedingEdge/etc/mono/2.0) by extensions ['python_setup_py']
[0.237s] Level 1:colcon.colcon_core.package_identification:_identify(src/RMSimulator/RMSimulator_Data/MonoBleedingEdge/etc/mono/2.0) by extension 'python_setup_py'
[0.237s] Level 1:colcon.colcon_core.package_identification:_identify(src/RMSimulator/RMSimulator_Data/MonoBleedingEdge/etc/mono/2.0/Browsers) by extensions ['ignore', 'ignore_ament_install']
[0.237s] Level 1:colcon.colcon_core.package_identification:_identify(src/RMSimulator/RMSimulator_Data/MonoBleedingEdge/etc/mono/2.0/Browsers) by extension 'ignore'
[0.237s] Level 1:colcon.colcon_core.package_identification:_identify(src/RMSimulator/RMSimulator_Data/MonoBleedingEdge/etc/mono/2.0/Browsers) by extension 'ignore_ament_install'
[0.237s] Level 1:colcon.colcon_core.package_identification:_identify(src/RMSimulator/RMSimulator_Data/MonoBleedingEdge/etc/mono/2.0/Browsers) by extensions ['colcon_pkg']
[0.237s] Level 1:colcon.colcon_core.package_identification:_identify(src/RMSimulator/RMSimulator_Data/MonoBleedingEdge/etc/mono/2.0/Browsers) by extension 'colcon_pkg'
[0.237s] Level 1:colcon.colcon_core.package_identification:_identify(src/RMSimulator/RMSimulator_Data/MonoBleedingEdge/etc/mono/2.0/Browsers) by extensions ['colcon_meta']
[0.237s] Level 1:colcon.colcon_core.package_identification:_identify(src/RMSimulator/RMSimulator_Data/MonoBleedingEdge/etc/mono/2.0/Browsers) by extension 'colcon_meta'
[0.238s] Level 1:colcon.colcon_core.package_identification:_identify(src/RMSimulator/RMSimulator_Data/MonoBleedingEdge/etc/mono/2.0/Browsers) by extensions ['ros']
[0.238s] Level 1:colcon.colcon_core.package_identification:_identify(src/RMSimulator/RMSimulator_Data/MonoBleedingEdge/etc/mono/2.0/Browsers) by extension 'ros'
[0.238s] Level 1:colcon.colcon_core.package_identification:_identify(src/RMSimulator/RMSimulator_Data/MonoBleedingEdge/etc/mono/2.0/Browsers) by extensions ['cmake', 'python']
[0.238s] Level 1:colcon.colcon_core.package_identification:_identify(src/RMSimulator/RMSimulator_Data/MonoBleedingEdge/etc/mono/2.0/Browsers) by extension 'cmake'
[0.238s] Level 1:colcon.colcon_core.package_identification:_identify(src/RMSimulator/RMSimulator_Data/MonoBleedingEdge/etc/mono/2.0/Browsers) by extension 'python'
[0.238s] Level 1:colcon.colcon_core.package_identification:_identify(src/RMSimulator/RMSimulator_Data/MonoBleedingEdge/etc/mono/2.0/Browsers) by extensions ['python_setup_py']
[0.238s] Level 1:colcon.colcon_core.package_identification:_identify(src/RMSimulator/RMSimulator_Data/MonoBleedingEdge/etc/mono/2.0/Browsers) by extension 'python_setup_py'
[0.238s] Level 1:colcon.colcon_core.package_identification:_identify(src/RMSimulator/RMSimulator_Data/MonoBleedingEdge/etc/mono/4.0) by extensions ['ignore', 'ignore_ament_install']
[0.238s] Level 1:colcon.colcon_core.package_identification:_identify(src/RMSimulator/RMSimulator_Data/MonoBleedingEdge/etc/mono/4.0) by extension 'ignore'
[0.238s] Level 1:colcon.colcon_core.package_identification:_identify(src/RMSimulator/RMSimulator_Data/MonoBleedingEdge/etc/mono/4.0) by extension 'ignore_ament_install'
[0.238s] Level 1:colcon.colcon_core.package_identification:_identify(src/RMSimulator/RMSimulator_Data/MonoBleedingEdge/etc/mono/4.0) by extensions ['colcon_pkg']
[0.238s] Level 1:colcon.colcon_core.package_identification:_identify(src/RMSimulator/RMSimulator_Data/MonoBleedingEdge/etc/mono/4.0) by extension 'colcon_pkg'
[0.238s] Level 1:colcon.colcon_core.package_identification:_identify(src/RMSimulator/RMSimulator_Data/MonoBleedingEdge/etc/mono/4.0) by extensions ['colcon_meta']
[0.238s] Level 1:colcon.colcon_core.package_identification:_identify(src/RMSimulator/RMSimulator_Data/MonoBleedingEdge/etc/mono/4.0) by extension 'colcon_meta'
[0.238s] Level 1:colcon.colcon_core.package_identification:_identify(src/RMSimulator/RMSimulator_Data/MonoBleedingEdge/etc/mono/4.0) by extensions ['ros']
[0.238s] Level 1:colcon.colcon_core.package_identification:_identify(src/RMSimulator/RMSimulator_Data/MonoBleedingEdge/etc/mono/4.0) by extension 'ros'
[0.238s] Level 1:colcon.colcon_core.package_identification:_identify(src/RMSimulator/RMSimulator_Data/MonoBleedingEdge/etc/mono/4.0) by extensions ['cmake', 'python']
[0.238s] Level 1:colcon.colcon_core.package_identification:_identify(src/RMSimulator/RMSimulator_Data/MonoBleedingEdge/etc/mono/4.0) by extension 'cmake'
[0.238s] Level 1:colcon.colcon_core.package_identification:_identify(src/RMSimulator/RMSimulator_Data/MonoBleedingEdge/etc/mono/4.0) by extension 'python'
[0.238s] Level 1:colcon.colcon_core.package_identification:_identify(src/RMSimulator/RMSimulator_Data/MonoBleedingEdge/etc/mono/4.0) by extensions ['python_setup_py']
[0.238s] Level 1:colcon.colcon_core.package_identification:_identify(src/RMSimulator/RMSimulator_Data/MonoBleedingEdge/etc/mono/4.0) by extension 'python_setup_py'
[0.238s] Level 1:colcon.colcon_core.package_identification:_identify(src/RMSimulator/RMSimulator_Data/MonoBleedingEdge/etc/mono/4.0/Browsers) by extensions ['ignore', 'ignore_ament_install']
[0.238s] Level 1:colcon.colcon_core.package_identification:_identify(src/RMSimulator/RMSimulator_Data/MonoBleedingEdge/etc/mono/4.0/Browsers) by extension 'ignore'
[0.238s] Level 1:colcon.colcon_core.package_identification:_identify(src/RMSimulator/RMSimulator_Data/MonoBleedingEdge/etc/mono/4.0/Browsers) by extension 'ignore_ament_install'
[0.238s] Level 1:colcon.colcon_core.package_identification:_identify(src/RMSimulator/RMSimulator_Data/MonoBleedingEdge/etc/mono/4.0/Browsers) by extensions ['colcon_pkg']
[0.238s] Level 1:colcon.colcon_core.package_identification:_identify(src/RMSimulator/RMSimulator_Data/MonoBleedingEdge/etc/mono/4.0/Browsers) by extension 'colcon_pkg'
[0.238s] Level 1:colcon.colcon_core.package_identification:_identify(src/RMSimulator/RMSimulator_Data/MonoBleedingEdge/etc/mono/4.0/Browsers) by extensions ['colcon_meta']
[0.238s] Level 1:colcon.colcon_core.package_identification:_identify(src/RMSimulator/RMSimulator_Data/MonoBleedingEdge/etc/mono/4.0/Browsers) by extension 'colcon_meta'
[0.238s] Level 1:colcon.colcon_core.package_identification:_identify(src/RMSimulator/RMSimulator_Data/MonoBleedingEdge/etc/mono/4.0/Browsers) by extensions ['ros']
[0.238s] Level 1:colcon.colcon_core.package_identification:_identify(src/RMSimulator/RMSimulator_Data/MonoBleedingEdge/etc/mono/4.0/Browsers) by extension 'ros'
[0.238s] Level 1:colcon.colcon_core.package_identification:_identify(src/RMSimulator/RMSimulator_Data/MonoBleedingEdge/etc/mono/4.0/Browsers) by extensions ['cmake', 'python']
[0.238s] Level 1:colcon.colcon_core.package_identification:_identify(src/RMSimulator/RMSimulator_Data/MonoBleedingEdge/etc/mono/4.0/Browsers) by extension 'cmake'
[0.238s] Level 1:colcon.colcon_core.package_identification:_identify(src/RMSimulator/RMSimulator_Data/MonoBleedingEdge/etc/mono/4.0/Browsers) by extension 'python'
[0.238s] Level 1:colcon.colcon_core.package_identification:_identify(src/RMSimulator/RMSimulator_Data/MonoBleedingEdge/etc/mono/4.0/Browsers) by extensions ['python_setup_py']
[0.238s] Level 1:colcon.colcon_core.package_identification:_identify(src/RMSimulator/RMSimulator_Data/MonoBleedingEdge/etc/mono/4.0/Browsers) by extension 'python_setup_py'
[0.238s] Level 1:colcon.colcon_core.package_identification:_identify(src/RMSimulator/RMSimulator_Data/MonoBleedingEdge/etc/mono/4.5) by extensions ['ignore', 'ignore_ament_install']
[0.238s] Level 1:colcon.colcon_core.package_identification:_identify(src/RMSimulator/RMSimulator_Data/MonoBleedingEdge/etc/mono/4.5) by extension 'ignore'
[0.238s] Level 1:colcon.colcon_core.package_identification:_identify(src/RMSimulator/RMSimulator_Data/MonoBleedingEdge/etc/mono/4.5) by extension 'ignore_ament_install'
[0.238s] Level 1:colcon.colcon_core.package_identification:_identify(src/RMSimulator/RMSimulator_Data/MonoBleedingEdge/etc/mono/4.5) by extensions ['colcon_pkg']
[0.238s] Level 1:colcon.colcon_core.package_identification:_identify(src/RMSimulator/RMSimulator_Data/MonoBleedingEdge/etc/mono/4.5) by extension 'colcon_pkg'
[0.239s] Level 1:colcon.colcon_core.package_identification:_identify(src/RMSimulator/RMSimulator_Data/MonoBleedingEdge/etc/mono/4.5) by extensions ['colcon_meta']
[0.239s] Level 1:colcon.colcon_core.package_identification:_identify(src/RMSimulator/RMSimulator_Data/MonoBleedingEdge/etc/mono/4.5) by extension 'colcon_meta'
[0.239s] Level 1:colcon.colcon_core.package_identification:_identify(src/RMSimulator/RMSimulator_Data/MonoBleedingEdge/etc/mono/4.5) by extensions ['ros']
[0.239s] Level 1:colcon.colcon_core.package_identification:_identify(src/RMSimulator/RMSimulator_Data/MonoBleedingEdge/etc/mono/4.5) by extension 'ros'
[0.239s] Level 1:colcon.colcon_core.package_identification:_identify(src/RMSimulator/RMSimulator_Data/MonoBleedingEdge/etc/mono/4.5) by extensions ['cmake', 'python']
[0.239s] Level 1:colcon.colcon_core.package_identification:_identify(src/RMSimulator/RMSimulator_Data/MonoBleedingEdge/etc/mono/4.5) by extension 'cmake'
[0.239s] Level 1:colcon.colcon_core.package_identification:_identify(src/RMSimulator/RMSimulator_Data/MonoBleedingEdge/etc/mono/4.5) by extension 'python'
[0.239s] Level 1:colcon.colcon_core.package_identification:_identify(src/RMSimulator/RMSimulator_Data/MonoBleedingEdge/etc/mono/4.5) by extensions ['python_setup_py']
[0.239s] Level 1:colcon.colcon_core.package_identification:_identify(src/RMSimulator/RMSimulator_Data/MonoBleedingEdge/etc/mono/4.5) by extension 'python_setup_py'
[0.239s] Level 1:colcon.colcon_core.package_identification:_identify(src/RMSimulator/RMSimulator_Data/MonoBleedingEdge/etc/mono/4.5/Browsers) by extensions ['ignore', 'ignore_ament_install']
[0.239s] Level 1:colcon.colcon_core.package_identification:_identify(src/RMSimulator/RMSimulator_Data/MonoBleedingEdge/etc/mono/4.5/Browsers) by extension 'ignore'
[0.239s] Level 1:colcon.colcon_core.package_identification:_identify(src/RMSimulator/RMSimulator_Data/MonoBleedingEdge/etc/mono/4.5/Browsers) by extension 'ignore_ament_install'
[0.239s] Level 1:colcon.colcon_core.package_identification:_identify(src/RMSimulator/RMSimulator_Data/MonoBleedingEdge/etc/mono/4.5/Browsers) by extensions ['colcon_pkg']
[0.239s] Level 1:colcon.colcon_core.package_identification:_identify(src/RMSimulator/RMSimulator_Data/MonoBleedingEdge/etc/mono/4.5/Browsers) by extension 'colcon_pkg'
[0.239s] Level 1:colcon.colcon_core.package_identification:_identify(src/RMSimulator/RMSimulator_Data/MonoBleedingEdge/etc/mono/4.5/Browsers) by extensions ['colcon_meta']
[0.239s] Level 1:colcon.colcon_core.package_identification:_identify(src/RMSimulator/RMSimulator_Data/MonoBleedingEdge/etc/mono/4.5/Browsers) by extension 'colcon_meta'
[0.239s] Level 1:colcon.colcon_core.package_identification:_identify(src/RMSimulator/RMSimulator_Data/MonoBleedingEdge/etc/mono/4.5/Browsers) by extensions ['ros']
[0.239s] Level 1:colcon.colcon_core.package_identification:_identify(src/RMSimulator/RMSimulator_Data/MonoBleedingEdge/etc/mono/4.5/Browsers) by extension 'ros'
[0.239s] Level 1:colcon.colcon_core.package_identification:_identify(src/RMSimulator/RMSimulator_Data/MonoBleedingEdge/etc/mono/4.5/Browsers) by extensions ['cmake', 'python']
[0.239s] Level 1:colcon.colcon_core.package_identification:_identify(src/RMSimulator/RMSimulator_Data/MonoBleedingEdge/etc/mono/4.5/Browsers) by extension 'cmake'
[0.239s] Level 1:colcon.colcon_core.package_identification:_identify(src/RMSimulator/RMSimulator_Data/MonoBleedingEdge/etc/mono/4.5/Browsers) by extension 'python'
[0.239s] Level 1:colcon.colcon_core.package_identification:_identify(src/RMSimulator/RMSimulator_Data/MonoBleedingEdge/etc/mono/4.5/Browsers) by extensions ['python_setup_py']
[0.239s] Level 1:colcon.colcon_core.package_identification:_identify(src/RMSimulator/RMSimulator_Data/MonoBleedingEdge/etc/mono/4.5/Browsers) by extension 'python_setup_py'
[0.239s] Level 1:colcon.colcon_core.package_identification:_identify(src/RMSimulator/RMSimulator_Data/MonoBleedingEdge/etc/mono/mconfig) by extensions ['ignore', 'ignore_ament_install']
[0.239s] Level 1:colcon.colcon_core.package_identification:_identify(src/RMSimulator/RMSimulator_Data/MonoBleedingEdge/etc/mono/mconfig) by extension 'ignore'
[0.239s] Level 1:colcon.colcon_core.package_identification:_identify(src/RMSimulator/RMSimulator_Data/MonoBleedingEdge/etc/mono/mconfig) by extension 'ignore_ament_install'
[0.239s] Level 1:colcon.colcon_core.package_identification:_identify(src/RMSimulator/RMSimulator_Data/MonoBleedingEdge/etc/mono/mconfig) by extensions ['colcon_pkg']
[0.239s] Level 1:colcon.colcon_core.package_identification:_identify(src/RMSimulator/RMSimulator_Data/MonoBleedingEdge/etc/mono/mconfig) by extension 'colcon_pkg'
[0.239s] Level 1:colcon.colcon_core.package_identification:_identify(src/RMSimulator/RMSimulator_Data/MonoBleedingEdge/etc/mono/mconfig) by extensions ['colcon_meta']
[0.239s] Level 1:colcon.colcon_core.package_identification:_identify(src/RMSimulator/RMSimulator_Data/MonoBleedingEdge/etc/mono/mconfig) by extension 'colcon_meta'
[0.239s] Level 1:colcon.colcon_core.package_identification:_identify(src/RMSimulator/RMSimulator_Data/MonoBleedingEdge/etc/mono/mconfig) by extensions ['ros']
[0.239s] Level 1:colcon.colcon_core.package_identification:_identify(src/RMSimulator/RMSimulator_Data/MonoBleedingEdge/etc/mono/mconfig) by extension 'ros'
[0.239s] Level 1:colcon.colcon_core.package_identification:_identify(src/RMSimulator/RMSimulator_Data/MonoBleedingEdge/etc/mono/mconfig) by extensions ['cmake', 'python']
[0.239s] Level 1:colcon.colcon_core.package_identification:_identify(src/RMSimulator/RMSimulator_Data/MonoBleedingEdge/etc/mono/mconfig) by extension 'cmake'
[0.239s] Level 1:colcon.colcon_core.package_identification:_identify(src/RMSimulator/RMSimulator_Data/MonoBleedingEdge/etc/mono/mconfig) by extension 'python'
[0.239s] Level 1:colcon.colcon_core.package_identification:_identify(src/RMSimulator/RMSimulator_Data/MonoBleedingEdge/etc/mono/mconfig) by extensions ['python_setup_py']
[0.239s] Level 1:colcon.colcon_core.package_identification:_identify(src/RMSimulator/RMSimulator_Data/MonoBleedingEdge/etc/mono/mconfig) by extension 'python_setup_py'
[0.239s] Level 1:colcon.colcon_core.package_identification:_identify(src/RMSimulator/RMSimulator_Data/MonoBleedingEdge/x86_64) by extensions ['ignore', 'ignore_ament_install']
[0.239s] Level 1:colcon.colcon_core.package_identification:_identify(src/RMSimulator/RMSimulator_Data/MonoBleedingEdge/x86_64) by extension 'ignore'
[0.239s] Level 1:colcon.colcon_core.package_identification:_identify(src/RMSimulator/RMSimulator_Data/MonoBleedingEdge/x86_64) by extension 'ignore_ament_install'
[0.239s] Level 1:colcon.colcon_core.package_identification:_identify(src/RMSimulator/RMSimulator_Data/MonoBleedingEdge/x86_64) by extensions ['colcon_pkg']
[0.239s] Level 1:colcon.colcon_core.package_identification:_identify(src/RMSimulator/RMSimulator_Data/MonoBleedingEdge/x86_64) by extension 'colcon_pkg'
[0.240s] Level 1:colcon.colcon_core.package_identification:_identify(src/RMSimulator/RMSimulator_Data/MonoBleedingEdge/x86_64) by extensions ['colcon_meta']
[0.240s] Level 1:colcon.colcon_core.package_identification:_identify(src/RMSimulator/RMSimulator_Data/MonoBleedingEdge/x86_64) by extension 'colcon_meta'
[0.240s] Level 1:colcon.colcon_core.package_identification:_identify(src/RMSimulator/RMSimulator_Data/MonoBleedingEdge/x86_64) by extensions ['ros']
[0.240s] Level 1:colcon.colcon_core.package_identification:_identify(src/RMSimulator/RMSimulator_Data/MonoBleedingEdge/x86_64) by extension 'ros'
[0.240s] Level 1:colcon.colcon_core.package_identification:_identify(src/RMSimulator/RMSimulator_Data/MonoBleedingEdge/x86_64) by extensions ['cmake', 'python']
[0.240s] Level 1:colcon.colcon_core.package_identification:_identify(src/RMSimulator/RMSimulator_Data/MonoBleedingEdge/x86_64) by extension 'cmake'
[0.240s] Level 1:colcon.colcon_core.package_identification:_identify(src/RMSimulator/RMSimulator_Data/MonoBleedingEdge/x86_64) by extension 'python'
[0.240s] Level 1:colcon.colcon_core.package_identification:_identify(src/RMSimulator/RMSimulator_Data/MonoBleedingEdge/x86_64) by extensions ['python_setup_py']
[0.240s] Level 1:colcon.colcon_core.package_identification:_identify(src/RMSimulator/RMSimulator_Data/MonoBleedingEdge/x86_64) by extension 'python_setup_py'
[0.241s] Level 1:colcon.colcon_core.package_identification:_identify(src/RMSimulator/RMSimulator_Data/Plugins) by extensions ['ignore', 'ignore_ament_install']
[0.241s] Level 1:colcon.colcon_core.package_identification:_identify(src/RMSimulator/RMSimulator_Data/Plugins) by extension 'ignore'
[0.241s] Level 1:colcon.colcon_core.package_identification:_identify(src/RMSimulator/RMSimulator_Data/Plugins) by extension 'ignore_ament_install'
[0.241s] Level 1:colcon.colcon_core.package_identification:_identify(src/RMSimulator/RMSimulator_Data/Plugins) by extensions ['colcon_pkg']
[0.241s] Level 1:colcon.colcon_core.package_identification:_identify(src/RMSimulator/RMSimulator_Data/Plugins) by extension 'colcon_pkg'
[0.241s] Level 1:colcon.colcon_core.package_identification:_identify(src/RMSimulator/RMSimulator_Data/Plugins) by extensions ['colcon_meta']
[0.241s] Level 1:colcon.colcon_core.package_identification:_identify(src/RMSimulator/RMSimulator_Data/Plugins) by extension 'colcon_meta'
[0.241s] Level 1:colcon.colcon_core.package_identification:_identify(src/RMSimulator/RMSimulator_Data/Plugins) by extensions ['ros']
[0.241s] Level 1:colcon.colcon_core.package_identification:_identify(src/RMSimulator/RMSimulator_Data/Plugins) by extension 'ros'
[0.241s] Level 1:colcon.colcon_core.package_identification:_identify(src/RMSimulator/RMSimulator_Data/Plugins) by extensions ['cmake', 'python']
[0.241s] Level 1:colcon.colcon_core.package_identification:_identify(src/RMSimulator/RMSimulator_Data/Plugins) by extension 'cmake'
[0.241s] Level 1:colcon.colcon_core.package_identification:_identify(src/RMSimulator/RMSimulator_Data/Plugins) by extension 'python'
[0.241s] Level 1:colcon.colcon_core.package_identification:_identify(src/RMSimulator/RMSimulator_Data/Plugins) by extensions ['python_setup_py']
[0.241s] Level 1:colcon.colcon_core.package_identification:_identify(src/RMSimulator/RMSimulator_Data/Plugins) by extension 'python_setup_py'
[0.241s] Level 1:colcon.colcon_core.package_identification:_identify(src/RMSimulator/RMSimulator_Data/Resources) by extensions ['ignore', 'ignore_ament_install']
[0.242s] Level 1:colcon.colcon_core.package_identification:_identify(src/RMSimulator/RMSimulator_Data/Resources) by extension 'ignore'
[0.242s] Level 1:colcon.colcon_core.package_identification:_identify(src/RMSimulator/RMSimulator_Data/Resources) by extension 'ignore_ament_install'
[0.242s] Level 1:colcon.colcon_core.package_identification:_identify(src/RMSimulator/RMSimulator_Data/Resources) by extensions ['colcon_pkg']
[0.242s] Level 1:colcon.colcon_core.package_identification:_identify(src/RMSimulator/RMSimulator_Data/Resources) by extension 'colcon_pkg'
[0.242s] Level 1:colcon.colcon_core.package_identification:_identify(src/RMSimulator/RMSimulator_Data/Resources) by extensions ['colcon_meta']
[0.242s] Level 1:colcon.colcon_core.package_identification:_identify(src/RMSimulator/RMSimulator_Data/Resources) by extension 'colcon_meta'
[0.242s] Level 1:colcon.colcon_core.package_identification:_identify(src/RMSimulator/RMSimulator_Data/Resources) by extensions ['ros']
[0.242s] Level 1:colcon.colcon_core.package_identification:_identify(src/RMSimulator/RMSimulator_Data/Resources) by extension 'ros'
[0.242s] Level 1:colcon.colcon_core.package_identification:_identify(src/RMSimulator/RMSimulator_Data/Resources) by extensions ['cmake', 'python']
[0.242s] Level 1:colcon.colcon_core.package_identification:_identify(src/RMSimulator/RMSimulator_Data/Resources) by extension 'cmake'
[0.242s] Level 1:colcon.colcon_core.package_identification:_identify(src/RMSimulator/RMSimulator_Data/Resources) by extension 'python'
[0.242s] Level 1:colcon.colcon_core.package_identification:_identify(src/RMSimulator/RMSimulator_Data/Resources) by extensions ['python_setup_py']
[0.242s] Level 1:colcon.colcon_core.package_identification:_identify(src/RMSimulator/RMSimulator_Data/Resources) by extension 'python_setup_py'
[0.242s] Level 1:colcon.colcon_core.package_identification:_identify(src/coordinate_transformer) by extensions ['ignore', 'ignore_ament_install']
[0.242s] Level 1:colcon.colcon_core.package_identification:_identify(src/coordinate_transformer) by extension 'ignore'
[0.242s] Level 1:colcon.colcon_core.package_identification:_identify(src/coordinate_transformer) by extension 'ignore_ament_install'
[0.242s] Level 1:colcon.colcon_core.package_identification:_identify(src/coordinate_transformer) by extensions ['colcon_pkg']
[0.242s] Level 1:colcon.colcon_core.package_identification:_identify(src/coordinate_transformer) by extension 'colcon_pkg'
[0.242s] Level 1:colcon.colcon_core.package_identification:_identify(src/coordinate_transformer) by extensions ['colcon_meta']
[0.242s] Level 1:colcon.colcon_core.package_identification:_identify(src/coordinate_transformer) by extension 'colcon_meta'
[0.242s] Level 1:colcon.colcon_core.package_identification:_identify(src/coordinate_transformer) by extensions ['ros']
[0.242s] Level 1:colcon.colcon_core.package_identification:_identify(src/coordinate_transformer) by extension 'ros'
[0.244s] DEBUG:colcon.colcon_core.package_identification:Package 'src/coordinate_transformer' with type 'ros.ament_cmake' and name 'coordinate_transformer'
[0.244s] Level 1:colcon.colcon_core.package_identification:_identify(src/image_sub_pub) by extensions ['ignore', 'ignore_ament_install']
[0.244s] Level 1:colcon.colcon_core.package_identification:_identify(src/image_sub_pub) by extension 'ignore'
[0.244s] Level 1:colcon.colcon_core.package_identification:_identify(src/image_sub_pub) by extension 'ignore_ament_install'
[0.244s] Level 1:colcon.colcon_core.package_identification:_identify(src/image_sub_pub) by extensions ['colcon_pkg']
[0.244s] Level 1:colcon.colcon_core.package_identification:_identify(src/image_sub_pub) by extension 'colcon_pkg'
[0.244s] Level 1:colcon.colcon_core.package_identification:_identify(src/image_sub_pub) by extensions ['colcon_meta']
[0.244s] Level 1:colcon.colcon_core.package_identification:_identify(src/image_sub_pub) by extension 'colcon_meta'
[0.244s] Level 1:colcon.colcon_core.package_identification:_identify(src/image_sub_pub) by extensions ['ros']
[0.244s] Level 1:colcon.colcon_core.package_identification:_identify(src/image_sub_pub) by extension 'ros'
[0.245s] DEBUG:colcon.colcon_core.package_identification:Package 'src/image_sub_pub' with type 'ros.ament_cmake' and name 'image_sub_pub'
[0.245s] Level 1:colcon.colcon_core.package_identification:_identify(src/images) by extensions ['ignore', 'ignore_ament_install']
[0.245s] Level 1:colcon.colcon_core.package_identification:_identify(src/images) by extension 'ignore'
[0.245s] Level 1:colcon.colcon_core.package_identification:_identify(src/images) by extension 'ignore_ament_install'
[0.245s] Level 1:colcon.colcon_core.package_identification:_identify(src/images) by extensions ['colcon_pkg']
[0.245s] Level 1:colcon.colcon_core.package_identification:_identify(src/images) by extension 'colcon_pkg'
[0.245s] Level 1:colcon.colcon_core.package_identification:_identify(src/images) by extensions ['colcon_meta']
[0.245s] Level 1:colcon.colcon_core.package_identification:_identify(src/images) by extension 'colcon_meta'
[0.245s] Level 1:colcon.colcon_core.package_identification:_identify(src/images) by extensions ['ros']
[0.245s] Level 1:colcon.colcon_core.package_identification:_identify(src/images) by extension 'ros'
[0.245s] Level 1:colcon.colcon_core.package_identification:_identify(src/images) by extensions ['cmake', 'python']
[0.245s] Level 1:colcon.colcon_core.package_identification:_identify(src/images) by extension 'cmake'
[0.245s] Level 1:colcon.colcon_core.package_identification:_identify(src/images) by extension 'python'
[0.245s] Level 1:colcon.colcon_core.package_identification:_identify(src/images) by extensions ['python_setup_py']
[0.245s] Level 1:colcon.colcon_core.package_identification:_identify(src/images) by extension 'python_setup_py'
[0.245s] Level 1:colcon.colcon_core.package_identification:_identify(src/sentry_description) by extensions ['ignore', 'ignore_ament_install']
[0.245s] Level 1:colcon.colcon_core.package_identification:_identify(src/sentry_description) by extension 'ignore'
[0.245s] Level 1:colcon.colcon_core.package_identification:_identify(src/sentry_description) by extension 'ignore_ament_install'
[0.245s] Level 1:colcon.colcon_core.package_identification:_identify(src/sentry_description) by extensions ['colcon_pkg']
[0.245s] Level 1:colcon.colcon_core.package_identification:_identify(src/sentry_description) by extension 'colcon_pkg'
[0.245s] Level 1:colcon.colcon_core.package_identification:_identify(src/sentry_description) by extensions ['colcon_meta']
[0.245s] Level 1:colcon.colcon_core.package_identification:_identify(src/sentry_description) by extension 'colcon_meta'
[0.245s] Level 1:colcon.colcon_core.package_identification:_identify(src/sentry_description) by extensions ['ros']
[0.245s] Level 1:colcon.colcon_core.package_identification:_identify(src/sentry_description) by extension 'ros'
[0.246s] DEBUG:colcon.colcon_core.package_identification:Package 'src/sentry_description' with type 'ros.ament_cmake' and name 'sentry_description'
[0.246s] Level 1:colcon.colcon_core.package_discovery:discover_packages(recursive) using defaults
[0.246s] Level 1:colcon.colcon_core.package_discovery:discover_packages(ignore) discover
[0.246s] Level 1:colcon.colcon_core.package_discovery:discover_packages(ignore) using defaults
[0.246s] Level 1:colcon.colcon_core.package_discovery:discover_packages(path) discover
[0.246s] Level 1:colcon.colcon_core.package_discovery:discover_packages(path) using defaults
[0.261s] INFO:colcon.colcon_core.package_selection:Skipping not selected package 'sentry_description' in 'src/sentry_description'
[0.261s] Level 1:colcon.colcon_core.package_discovery:discover_packages(prefix_path) check parameters
[0.261s] Level 1:colcon.colcon_core.package_discovery:discover_packages(prefix_path) discover
[0.263s] DEBUG:colcon.colcon_installed_package_information.package_discovery:Found 288 installed packages in /opt/ros/humble
[0.264s] Level 1:colcon.colcon_core.package_discovery:discover_packages(prefix_path) using defaults
[0.299s] Level 5:colcon.colcon_core.verb:set package 'coordinate_transformer' build argument 'cmake_args' from command line to 'None'
[0.299s] Level 5:colcon.colcon_core.verb:set package 'coordinate_transformer' build argument 'cmake_target' from command line to 'None'
[0.299s] Level 5:colcon.colcon_core.verb:set package 'coordinate_transformer' build argument 'cmake_target_skip_unavailable' from command line to 'False'
[0.299s] Level 5:colcon.colcon_core.verb:set package 'coordinate_transformer' build argument 'cmake_clean_cache' from command line to 'False'
[0.299s] Level 5:colcon.colcon_core.verb:set package 'coordinate_transformer' build argument 'cmake_clean_first' from command line to 'False'
[0.299s] Level 5:colcon.colcon_core.verb:set package 'coordinate_transformer' build argument 'cmake_force_configure' from command line to 'False'
[0.299s] Level 5:colcon.colcon_core.verb:set package 'coordinate_transformer' build argument 'ament_cmake_args' from command line to 'None'
[0.299s] Level 5:colcon.colcon_core.verb:set package 'coordinate_transformer' build argument 'catkin_cmake_args' from command line to 'None'
[0.299s] Level 5:colcon.colcon_core.verb:set package 'coordinate_transformer' build argument 'catkin_skip_building_tests' from command line to 'False'
[0.299s] DEBUG:colcon.colcon_core.verb:Building package 'coordinate_transformer' with the following arguments: {'ament_cmake_args': None, 'build_base': '/home/zhizhi/exam2/build/coordinate_transformer', 'catkin_cmake_args': None, 'catkin_skip_building_tests': False, 'cmake_args': None, 'cmake_clean_cache': False, 'cmake_clean_first': False, 'cmake_force_configure': False, 'cmake_target': None, 'cmake_target_skip_unavailable': False, 'install_base': '/home/zhizhi/exam2/install/coordinate_transformer', 'merge_install': False, 'path': '/home/zhizhi/exam2/src/coordinate_transformer', 'symlink_install': False, 'test_result_base': None}
[0.299s] Level 5:colcon.colcon_core.verb:set package 'image_sub_pub' build argument 'cmake_args' from command line to 'None'
[0.299s] Level 5:colcon.colcon_core.verb:set package 'image_sub_pub' build argument 'cmake_target' from command line to 'None'
[0.299s] Level 5:colcon.colcon_core.verb:set package 'image_sub_pub' build argument 'cmake_target_skip_unavailable' from command line to 'False'
[0.299s] Level 5:colcon.colcon_core.verb:set package 'image_sub_pub' build argument 'cmake_clean_cache' from command line to 'False'
[0.299s] Level 5:colcon.colcon_core.verb:set package 'image_sub_pub' build argument 'cmake_clean_first' from command line to 'False'
[0.299s] Level 5:colcon.colcon_core.verb:set package 'image_sub_pub' build argument 'cmake_force_configure' from command line to 'False'
[0.299s] Level 5:colcon.colcon_core.verb:set package 'image_sub_pub' build argument 'ament_cmake_args' from command line to 'None'
[0.299s] Level 5:colcon.colcon_core.verb:set package 'image_sub_pub' build argument 'catkin_cmake_args' from command line to 'None'
[0.299s] Level 5:colcon.colcon_core.verb:set package 'image_sub_pub' build argument 'catkin_skip_building_tests' from command line to 'False'
[0.299s] DEBUG:colcon.colcon_core.verb:Building package 'image_sub_pub' with the following arguments: {'ament_cmake_args': None, 'build_base': '/home/zhizhi/exam2/build/image_sub_pub', 'catkin_cmake_args': None, 'catkin_skip_building_tests': False, 'cmake_args': None, 'cmake_clean_cache': False, 'cmake_clean_first': False, 'cmake_force_configure': False, 'cmake_target': None, 'cmake_target_skip_unavailable': False, 'install_base': '/home/zhizhi/exam2/install/image_sub_pub', 'merge_install': False, 'path': '/home/zhizhi/exam2/src/image_sub_pub', 'symlink_install': False, 'test_result_base': None}
[0.299s] INFO:colcon.colcon_core.executor:Executing jobs using 'parallel' executor
[0.300s] DEBUG:colcon.colcon_parallel_executor.executor.parallel:run_until_complete
[0.300s] INFO:colcon.colcon_ros.task.ament_cmake.build:Building ROS package in '/home/zhizhi/exam2/src/coordinate_transformer' with build type 'ament_cmake'
[0.300s] INFO:colcon.colcon_cmake.task.cmake.build:Building CMake package in '/home/zhizhi/exam2/src/coordinate_transformer'
[0.302s] INFO:colcon.colcon_core.plugin_system:Skipping extension 'colcon_core.shell.bat': Not used on non-Windows systems
[0.302s] INFO:colcon.colcon_core.shell:Skip shell extension 'powershell' for command environment: Not usable outside of PowerShell
[0.302s] DEBUG:colcon.colcon_core.shell:Skip shell extension 'dsv' for command environment
[0.304s] INFO:colcon.colcon_ros.task.ament_cmake.build:Building ROS package in '/home/zhizhi/exam2/src/image_sub_pub' with build type 'ament_cmake'
[0.304s] INFO:colcon.colcon_cmake.task.cmake.build:Building CMake package in '/home/zhizhi/exam2/src/image_sub_pub'
[0.304s] INFO:colcon.colcon_core.shell:Skip shell extension 'powershell' for command environment: Not usable outside of PowerShell
[0.304s] DEBUG:colcon.colcon_core.shell:Skip shell extension 'dsv' for command environment
[0.309s] DEBUG:colcon.colcon_core.event_handler.log_command:Invoking command in '/home/zhizhi/exam2/build/coordinate_transformer': CMAKE_PREFIX_PATH=/opt/ros/humble /usr/bin/cmake --build /home/zhizhi/exam2/build/coordinate_transformer -- -j20 -l20
[0.312s] DEBUG:colcon.colcon_core.event_handler.log_command:Invoking command in '/home/zhizhi/exam2/build/image_sub_pub': CMAKE_PREFIX_PATH=/opt/ros/humble /usr/bin/cmake --build /home/zhizhi/exam2/build/image_sub_pub -- -j20 -l20
[5.912s] DEBUG:colcon.colcon_core.event_handler.log_command:Invoked command in '/home/zhizhi/exam2/build/coordinate_transformer' returned '0': CMAKE_PREFIX_PATH=/opt/ros/humble /usr/bin/cmake --build /home/zhizhi/exam2/build/coordinate_transformer -- -j20 -l20
[5.935s] DEBUG:colcon.colcon_core.event_handler.log_command:Invoking command in '/home/zhizhi/exam2/build/coordinate_transformer': CMAKE_PREFIX_PATH=/opt/ros/humble /usr/bin/cmake --install /home/zhizhi/exam2/build/coordinate_transformer
[5.944s] Level 1:colcon.colcon_core.environment:create_environment_scripts_only(coordinate_transformer)
[5.944s] DEBUG:colcon.colcon_core.event_handler.log_command:Invoked command in '/home/zhizhi/exam2/build/coordinate_transformer' returned '0': CMAKE_PREFIX_PATH=/opt/ros/humble /usr/bin/cmake --install /home/zhizhi/exam2/build/coordinate_transformer
[5.946s] Level 1:colcon.colcon_core.environment:checking '/home/zhizhi/exam2/install/coordinate_transformer' for CMake module files
[5.946s] Level 1:colcon.colcon_core.environment:checking '/home/zhizhi/exam2/install/coordinate_transformer' for CMake config files
[5.947s] Level 1:colcon.colcon_core.shell:create_environment_hook('coordinate_transformer', 'cmake_prefix_path')
[5.947s] INFO:colcon.colcon_core.shell:Creating environment hook '/home/zhizhi/exam2/install/coordinate_transformer/share/coordinate_transformer/hook/cmake_prefix_path.ps1'
[5.947s] INFO:colcon.colcon_core.shell:Creating environment descriptor '/home/zhizhi/exam2/install/coordinate_transformer/share/coordinate_transformer/hook/cmake_prefix_path.dsv'
[5.948s] INFO:colcon.colcon_core.shell:Creating environment hook '/home/zhizhi/exam2/install/coordinate_transformer/share/coordinate_transformer/hook/cmake_prefix_path.sh'
[5.948s] Level 1:colcon.colcon_core.environment:checking '/home/zhizhi/exam2/install/coordinate_transformer/lib'
[5.948s] Level 1:colcon.colcon_core.environment:checking '/home/zhizhi/exam2/install/coordinate_transformer/bin'
[5.948s] Level 1:colcon.colcon_core.environment:checking '/home/zhizhi/exam2/install/coordinate_transformer/lib/pkgconfig/coordinate_transformer.pc'
[5.948s] Level 1:colcon.colcon_core.environment:checking '/home/zhizhi/exam2/install/coordinate_transformer/lib/python3.10/site-packages'
[5.948s] Level 1:colcon.colcon_core.environment:checking '/home/zhizhi/exam2/install/coordinate_transformer/bin'
[5.949s] INFO:colcon.colcon_core.shell:Creating package script '/home/zhizhi/exam2/install/coordinate_transformer/share/coordinate_transformer/package.ps1'
[5.949s] INFO:colcon.colcon_core.shell:Creating package descriptor '/home/zhizhi/exam2/install/coordinate_transformer/share/coordinate_transformer/package.dsv'
[5.950s] INFO:colcon.colcon_core.shell:Creating package script '/home/zhizhi/exam2/install/coordinate_transformer/share/coordinate_transformer/package.sh'
[5.950s] INFO:colcon.colcon_core.shell:Creating package script '/home/zhizhi/exam2/install/coordinate_transformer/share/coordinate_transformer/package.bash'
[5.951s] INFO:colcon.colcon_core.shell:Creating package script '/home/zhizhi/exam2/install/coordinate_transformer/share/coordinate_transformer/package.zsh'
[5.951s] Level 1:colcon.colcon_core.environment:create_file_with_runtime_dependencies(/home/zhizhi/exam2/install/coordinate_transformer/share/colcon-core/packages/coordinate_transformer)
[5.967s] Level 1:colcon.colcon_core.environment:create_environment_scripts_only(coordinate_transformer)
[5.968s] Level 1:colcon.colcon_core.environment:checking '/home/zhizhi/exam2/install/coordinate_transformer' for CMake module files
[5.968s] Level 1:colcon.colcon_core.environment:checking '/home/zhizhi/exam2/install/coordinate_transformer' for CMake config files
[5.968s] Level 1:colcon.colcon_core.shell:create_environment_hook('coordinate_transformer', 'cmake_prefix_path')
[5.968s] INFO:colcon.colcon_core.shell:Creating environment hook '/home/zhizhi/exam2/install/coordinate_transformer/share/coordinate_transformer/hook/cmake_prefix_path.ps1'
[5.969s] INFO:colcon.colcon_core.shell:Creating environment descriptor '/home/zhizhi/exam2/install/coordinate_transformer/share/coordinate_transformer/hook/cmake_prefix_path.dsv'
[5.969s] INFO:colcon.colcon_core.shell:Creating environment hook '/home/zhizhi/exam2/install/coordinate_transformer/share/coordinate_transformer/hook/cmake_prefix_path.sh'
[5.969s] Level 1:colcon.colcon_core.environment:checking '/home/zhizhi/exam2/install/coordinate_transformer/lib'
[5.969s] Level 1:colcon.colcon_core.environment:checking '/home/zhizhi/exam2/install/coordinate_transformer/bin'
[5.969s] Level 1:colcon.colcon_core.environment:checking '/home/zhizhi/exam2/install/coordinate_transformer/lib/pkgconfig/coordinate_transformer.pc'
[5.969s] Level 1:colcon.colcon_core.environment:checking '/home/zhizhi/exam2/install/coordinate_transformer/lib/python3.10/site-packages'
[5.969s] Level 1:colcon.colcon_core.environment:checking '/home/zhizhi/exam2/install/coordinate_transformer/bin'
[5.970s] INFO:colcon.colcon_core.shell:Creating package script '/home/zhizhi/exam2/install/coordinate_transformer/share/coordinate_transformer/package.ps1'
[5.970s] INFO:colcon.colcon_core.shell:Creating package descriptor '/home/zhizhi/exam2/install/coordinate_transformer/share/coordinate_transformer/package.dsv'
[5.970s] INFO:colcon.colcon_core.shell:Creating package script '/home/zhizhi/exam2/install/coordinate_transformer/share/coordinate_transformer/package.sh'
[5.970s] INFO:colcon.colcon_core.shell:Creating package script '/home/zhizhi/exam2/install/coordinate_transformer/share/coordinate_transformer/package.bash'
[5.971s] INFO:colcon.colcon_core.shell:Creating package script '/home/zhizhi/exam2/install/coordinate_transformer/share/coordinate_transformer/package.zsh'
[5.971s] Level 1:colcon.colcon_core.environment:create_file_with_runtime_dependencies(/home/zhizhi/exam2/install/coordinate_transformer/share/colcon-core/packages/coordinate_transformer)
[7.702s] DEBUG:colcon.colcon_core.event_handler.log_command:Invoked command in '/home/zhizhi/exam2/build/image_sub_pub' returned '0': CMAKE_PREFIX_PATH=/opt/ros/humble /usr/bin/cmake --build /home/zhizhi/exam2/build/image_sub_pub -- -j20 -l20
[7.723s] DEBUG:colcon.colcon_core.event_handler.log_command:Invoking command in '/home/zhizhi/exam2/build/image_sub_pub': CMAKE_PREFIX_PATH=/opt/ros/humble /usr/bin/cmake --install /home/zhizhi/exam2/build/image_sub_pub
[7.734s] Level 1:colcon.colcon_core.environment:create_environment_scripts_only(image_sub_pub)
[7.734s] Level 1:colcon.colcon_core.environment:checking '/home/zhizhi/exam2/install/image_sub_pub' for CMake module files
[7.735s] DEBUG:colcon.colcon_core.event_handler.log_command:Invoked command in '/home/zhizhi/exam2/build/image_sub_pub' returned '0': CMAKE_PREFIX_PATH=/opt/ros/humble /usr/bin/cmake --install /home/zhizhi/exam2/build/image_sub_pub
[7.735s] Level 1:colcon.colcon_core.environment:checking '/home/zhizhi/exam2/install/image_sub_pub' for CMake config files
[7.735s] Level 1:colcon.colcon_core.shell:create_environment_hook('image_sub_pub', 'cmake_prefix_path')
[7.735s] INFO:colcon.colcon_core.shell:Creating environment hook '/home/zhizhi/exam2/install/image_sub_pub/share/image_sub_pub/hook/cmake_prefix_path.ps1'
[7.735s] INFO:colcon.colcon_core.shell:Creating environment descriptor '/home/zhizhi/exam2/install/image_sub_pub/share/image_sub_pub/hook/cmake_prefix_path.dsv'
[7.736s] INFO:colcon.colcon_core.shell:Creating environment hook '/home/zhizhi/exam2/install/image_sub_pub/share/image_sub_pub/hook/cmake_prefix_path.sh'
[7.736s] Level 1:colcon.colcon_core.environment:checking '/home/zhizhi/exam2/install/image_sub_pub/lib'
[7.736s] Level 1:colcon.colcon_core.environment:checking '/home/zhizhi/exam2/install/image_sub_pub/bin'
[7.736s] Level 1:colcon.colcon_core.environment:checking '/home/zhizhi/exam2/install/image_sub_pub/lib/pkgconfig/image_sub_pub.pc'
[7.736s] Level 1:colcon.colcon_core.environment:checking '/home/zhizhi/exam2/install/image_sub_pub/lib/python3.10/site-packages'
[7.736s] Level 1:colcon.colcon_core.environment:checking '/home/zhizhi/exam2/install/image_sub_pub/bin'
[7.736s] INFO:colcon.colcon_core.shell:Creating package script '/home/zhizhi/exam2/install/image_sub_pub/share/image_sub_pub/package.ps1'
[7.737s] INFO:colcon.colcon_core.shell:Creating package descriptor '/home/zhizhi/exam2/install/image_sub_pub/share/image_sub_pub/package.dsv'
[7.737s] INFO:colcon.colcon_core.shell:Creating package script '/home/zhizhi/exam2/install/image_sub_pub/share/image_sub_pub/package.sh'
[7.737s] INFO:colcon.colcon_core.shell:Creating package script '/home/zhizhi/exam2/install/image_sub_pub/share/image_sub_pub/package.bash'
[7.737s] INFO:colcon.colcon_core.shell:Creating package script '/home/zhizhi/exam2/install/image_sub_pub/share/image_sub_pub/package.zsh'
[7.737s] Level 1:colcon.colcon_core.environment:create_file_with_runtime_dependencies(/home/zhizhi/exam2/install/image_sub_pub/share/colcon-core/packages/image_sub_pub)
[7.757s] Level 1:colcon.colcon_core.environment:create_environment_scripts_only(image_sub_pub)
[7.757s] Level 1:colcon.colcon_core.environment:checking '/home/zhizhi/exam2/install/image_sub_pub' for CMake module files
[7.758s] Level 1:colcon.colcon_core.environment:checking '/home/zhizhi/exam2/install/image_sub_pub' for CMake config files
[7.758s] Level 1:colcon.colcon_core.shell:create_environment_hook('image_sub_pub', 'cmake_prefix_path')
[7.758s] INFO:colcon.colcon_core.shell:Creating environment hook '/home/zhizhi/exam2/install/image_sub_pub/share/image_sub_pub/hook/cmake_prefix_path.ps1'
[7.758s] INFO:colcon.colcon_core.shell:Creating environment descriptor '/home/zhizhi/exam2/install/image_sub_pub/share/image_sub_pub/hook/cmake_prefix_path.dsv'
[7.758s] INFO:colcon.colcon_core.shell:Creating environment hook '/home/zhizhi/exam2/install/image_sub_pub/share/image_sub_pub/hook/cmake_prefix_path.sh'
[7.759s] Level 1:colcon.colcon_core.environment:checking '/home/zhizhi/exam2/install/image_sub_pub/lib'
[7.759s] Level 1:colcon.colcon_core.environment:checking '/home/zhizhi/exam2/install/image_sub_pub/bin'
[7.759s] Level 1:colcon.colcon_core.environment:checking '/home/zhizhi/exam2/install/image_sub_pub/lib/pkgconfig/image_sub_pub.pc'
[7.759s] Level 1:colcon.colcon_core.environment:checking '/home/zhizhi/exam2/install/image_sub_pub/lib/python3.10/site-packages'
[7.759s] Level 1:colcon.colcon_core.environment:checking '/home/zhizhi/exam2/install/image_sub_pub/bin'
[7.759s] INFO:colcon.colcon_core.shell:Creating package script '/home/zhizhi/exam2/install/image_sub_pub/share/image_sub_pub/package.ps1'
[7.760s] INFO:colcon.colcon_core.shell:Creating package descriptor '/home/zhizhi/exam2/install/image_sub_pub/share/image_sub_pub/package.dsv'
[7.760s] INFO:colcon.colcon_core.shell:Creating package script '/home/zhizhi/exam2/install/image_sub_pub/share/image_sub_pub/package.sh'
[7.760s] INFO:colcon.colcon_core.shell:Creating package script '/home/zhizhi/exam2/install/image_sub_pub/share/image_sub_pub/package.bash'
[7.761s] INFO:colcon.colcon_core.shell:Creating package script '/home/zhizhi/exam2/install/image_sub_pub/share/image_sub_pub/package.zsh'
[7.761s] Level 1:colcon.colcon_core.environment:create_file_with_runtime_dependencies(/home/zhizhi/exam2/install/image_sub_pub/share/colcon-core/packages/image_sub_pub)
[7.761s] DEBUG:colcon.colcon_parallel_executor.executor.parallel:closing loop
[7.761s] DEBUG:colcon.colcon_parallel_executor.executor.parallel:loop closed
[7.761s] DEBUG:colcon.colcon_parallel_executor.executor.parallel:run_until_complete finished with '0'
[7.761s] DEBUG:colcon.colcon_core.event_reactor:joining thread
[7.768s] INFO:colcon.colcon_core.plugin_system:Skipping extension 'colcon_notification.desktop_notification.terminal_notifier': Not used on non-Darwin systems
[7.768s] INFO:colcon.colcon_core.plugin_system:Skipping extension 'colcon_notification.desktop_notification.win32': Not used on non-Windows systems
[7.768s] INFO:colcon.colcon_notification.desktop_notification:Sending desktop notification using 'notify2'
[7.780s] DEBUG:colcon.colcon_core.event_reactor:joined thread
[7.780s] INFO:colcon.colcon_core.shell:Creating prefix script '/home/zhizhi/exam2/install/local_setup.ps1'
[7.781s] INFO:colcon.colcon_core.shell:Creating prefix util module '/home/zhizhi/exam2/install/_local_setup_util_ps1.py'
[7.782s] INFO:colcon.colcon_core.shell:Creating prefix chain script '/home/zhizhi/exam2/install/setup.ps1'
[7.782s] INFO:colcon.colcon_core.shell:Creating prefix script '/home/zhizhi/exam2/install/local_setup.sh'
[7.782s] INFO:colcon.colcon_core.shell:Creating prefix util module '/home/zhizhi/exam2/install/_local_setup_util_sh.py'
[7.783s] INFO:colcon.colcon_core.shell:Creating prefix chain script '/home/zhizhi/exam2/install/setup.sh'
[7.783s] INFO:colcon.colcon_core.shell:Creating prefix script '/home/zhizhi/exam2/install/local_setup.bash'
[7.784s] INFO:colcon.colcon_core.shell:Creating prefix chain script '/home/zhizhi/exam2/install/setup.bash'
[7.784s] INFO:colcon.colcon_core.shell:Creating prefix script '/home/zhizhi/exam2/install/local_setup.zsh'
[7.785s] INFO:colcon.colcon_core.shell:Creating prefix chain script '/home/zhizhi/exam2/install/setup.zsh'
