[0.012s] Invoking command in '/home/zhizhi/exam2/build/image_sub_pub': CMAKE_PREFIX_PATH=/opt/ros/humble /usr/bin/cmake /home/zhizhi/exam2/src/image_sub_pub -DCMAKE_INSTALL_PREFIX=/home/zhizhi/exam2/install/image_sub_pub
[0.064s] -- The C compiler identification is GNU 11.4.0
[0.116s] -- The CXX compiler identification is GNU 11.4.0
[0.121s] -- Detecting C compiler ABI info
[0.187s] -- Detecting C compiler ABI info - done
[0.193s] -- Check for working C compiler: /usr/bin/cc - skipped
[0.193s] -- Detecting C compile features
[0.193s] -- Detecting C compile features - done
[0.195s] -- Detecting CXX compiler ABI info
[0.274s] -- Detecting CXX compiler ABI info - done
[0.280s] -- Check for working CXX compiler: /usr/bin/c++ - skipped
[0.280s] -- Detecting CXX compile features
[0.280s] -- Detecting CXX compile features - done
[0.282s] -- Found ament_cmake: 1.3.10 (/opt/ros/humble/share/ament_cmake/cmake)
[0.430s] -- Found Python3: /usr/bin/python3 (found version "3.10.12") found components: Interpreter 
[0.505s] -- Found rclcpp: 16.0.10 (/opt/ros/humble/share/rclcpp/cmake)
[0.544s] -- Found rosidl_generator_c: 3.1.5 (/opt/ros/humble/share/rosidl_generator_c/cmake)
[0.550s] -- Found rosidl_adapter: 3.1.5 (/opt/ros/humble/share/rosidl_adapter/cmake)
[0.557s] -- Found rosidl_generator_cpp: 3.1.5 (/opt/ros/humble/share/rosidl_generator_cpp/cmake)
[0.570s] -- Using all available rosidl_typesupport_c: rosidl_typesupport_fastrtps_c;rosidl_typesupport_introspection_c
[0.584s] -- Using all available rosidl_typesupport_cpp: rosidl_typesupport_fastrtps_cpp;rosidl_typesupport_introspection_cpp
[0.617s] -- Found rmw_implementation_cmake: 6.1.2 (/opt/ros/humble/share/rmw_implementation_cmake/cmake)
[0.618s] -- Found rmw_fastrtps_cpp: 6.2.7 (/opt/ros/humble/share/rmw_fastrtps_cpp/cmake)
[0.691s] -- Found OpenSSL: /usr/lib/x86_64-linux-gnu/libcrypto.so (found version "3.0.2")  
[0.709s] -- Found FastRTPS: /opt/ros/humble/include  
[0.740s] -- Using RMW implementation 'rmw_fastrtps_cpp' as default
[0.746s] -- Looking for pthread.h
[0.817s] -- Looking for pthread.h - found
[0.817s] -- Performing Test CMAKE_HAVE_LIBC_PTHREAD
[0.887s] -- Performing Test CMAKE_HAVE_LIBC_PTHREAD - Success
[0.888s] -- Found Threads: TRUE  
[0.921s] -- Found sensor_msgs: 4.2.4 (/opt/ros/humble/share/sensor_msgs/cmake)
[0.942s] -- Found cv_bridge: 3.2.1 (/opt/ros/humble/share/cv_bridge/cmake)
[0.952s] -- Found OpenCV: /usr (found version "4.5.4") 
[0.953s] -- Found ament_lint_auto: 0.12.11 (/opt/ros/humble/share/ament_lint_auto/cmake)
[1.048s] -- Added test 'cppcheck' to perform static code analysis on C / C++ code
[1.048s] -- Configured cppcheck include dirs: 
[1.048s] -- Configured cppcheck exclude dirs and/or files: 
[1.049s] -- Added test 'lint_cmake' to check CMake code style
[1.049s] -- Added test 'uncrustify' to check C / C++ code style
[1.049s] -- Configured uncrustify additional arguments: 
[1.049s] -- Added test 'xmllint' to check XML markup files
[1.050s] -- Configuring done
[1.059s] -- Generating done
[1.060s] -- Build files have been written to: /home/zhizhi/exam2/build/image_sub_pub
[1.071s] Invoked command in '/home/zhizhi/exam2/build/image_sub_pub' returned '0': CMAKE_PREFIX_PATH=/opt/ros/humble /usr/bin/cmake /home/zhizhi/exam2/src/image_sub_pub -DCMAKE_INSTALL_PREFIX=/home/zhizhi/exam2/install/image_sub_pub
[1.072s] Invoking command in '/home/zhizhi/exam2/build/image_sub_pub': CMAKE_PREFIX_PATH=/opt/ros/humble /usr/bin/cmake --build /home/zhizhi/exam2/build/image_sub_pub -- -j20 -l20
[1.118s] [ 50%] [32mBuilding CXX object CMakeFiles/image_sub_pub_node.dir/src/image_sub_pub.cpp.o[0m
[11.112s] [100%] [32m[1mLinking CXX executable image_sub_pub_node[0m
[11.883s] [100%] Built target image_sub_pub_node
[11.893s] Invoked command in '/home/zhizhi/exam2/build/image_sub_pub' returned '0': CMAKE_PREFIX_PATH=/opt/ros/humble /usr/bin/cmake --build /home/zhizhi/exam2/build/image_sub_pub -- -j20 -l20
[11.917s] Invoking command in '/home/zhizhi/exam2/build/image_sub_pub': CMAKE_PREFIX_PATH=/opt/ros/humble /usr/bin/cmake --install /home/zhizhi/exam2/build/image_sub_pub
[11.925s] -- Install configuration: ""
[11.925s] -- Installing: /home/zhizhi/exam2/install/image_sub_pub/lib/image_sub_pub/image_sub_pub_node
[11.929s] -- Set runtime path of "/home/zhizhi/exam2/install/image_sub_pub/lib/image_sub_pub/image_sub_pub_node" to ""
[11.929s] -- Installing: /home/zhizhi/exam2/install/image_sub_pub/share/ament_index/resource_index/package_run_dependencies/image_sub_pub
[11.929s] -- Installing: /home/zhizhi/exam2/install/image_sub_pub/share/ament_index/resource_index/parent_prefix_path/image_sub_pub
[11.930s] -- Installing: /home/zhizhi/exam2/install/image_sub_pub/share/image_sub_pub/environment/ament_prefix_path.sh
[11.930s] -- Installing: /home/zhizhi/exam2/install/image_sub_pub/share/image_sub_pub/environment/ament_prefix_path.dsv
[11.930s] -- Installing: /home/zhizhi/exam2/install/image_sub_pub/share/image_sub_pub/environment/path.sh
[11.930s] -- Installing: /home/zhizhi/exam2/install/image_sub_pub/share/image_sub_pub/environment/path.dsv
[11.930s] -- Installing: /home/zhizhi/exam2/install/image_sub_pub/share/image_sub_pub/local_setup.bash
[11.930s] -- Installing: /home/zhizhi/exam2/install/image_sub_pub/share/image_sub_pub/local_setup.sh
[11.930s] -- Installing: /home/zhizhi/exam2/install/image_sub_pub/share/image_sub_pub/local_setup.zsh
[11.930s] -- Installing: /home/zhizhi/exam2/install/image_sub_pub/share/image_sub_pub/local_setup.dsv
[11.930s] -- Installing: /home/zhizhi/exam2/install/image_sub_pub/share/image_sub_pub/package.dsv
[11.930s] -- Installing: /home/zhizhi/exam2/install/image_sub_pub/share/ament_index/resource_index/packages/image_sub_pub
[11.930s] -- Installing: /home/zhizhi/exam2/install/image_sub_pub/share/image_sub_pub/cmake/image_sub_pubConfig.cmake
[11.930s] -- Installing: /home/zhizhi/exam2/install/image_sub_pub/share/image_sub_pub/cmake/image_sub_pubConfig-version.cmake
[11.930s] -- Installing: /home/zhizhi/exam2/install/image_sub_pub/share/image_sub_pub/package.xml
[11.932s] Invoked command in '/home/zhizhi/exam2/build/image_sub_pub' returned '0': CMAKE_PREFIX_PATH=/opt/ros/humble /usr/bin/cmake --install /home/zhizhi/exam2/build/image_sub_pub
